[WLS] Running weighted least-squares impact fits...
[WLS] After participation-rate filter (PR < 1.0): 2092 -> 2067 metaorders
[Impact Path] Normalized impact paths:   0%|          | 0/2067 [00:00<?, ?it/s][Impact Path] Normalized impact paths:  43%|████▎     | 887/2067 [00:00<00:00, 8861.66it/s][Impact Path] Normalized impact paths:  87%|████████▋ | 1793/2067 [00:00<00:00, 8977.75it/s][Impact Path] Normalized impact paths: 100%|██████████| 2067/2067 [00:00<00:00, 8973.28it/s]
[Impact Path] Saved normalized impact path plot to None
/home/danieledinosse/repositories/Metaorders_PriceImpact/.venv/lib/python3.11/site-packages/scipy/optimize/_lsq/common.py:115: RuntimeWarning:

divide by zero encountered in divide

--- Overall (Buy) ---
Power law: Y = 0.0001504 +/- 0.000342
Power law: gamma = -0.619916 +/- 0.342
Power law: R^2_log = 0.5233 | R^2_lin = 0.3915
Logarithmic: a = 7.89636e-05 +/- 6.65e-05 | b = 7.13623e+56 +/- 5.86e-68 | R^2_lin = -0.0191
Bins used: 5 (min_count >= 20)
/home/danieledinosse/repositories/Metaorders_PriceImpact/.venv/lib/python3.11/site-packages/scipy/optimize/_lsq/common.py:115: RuntimeWarning:

divide by zero encountered in divide

--- Overall (Sell) ---
Power law: Y = 0.00768243 +/- 0.00221
Power law: gamma = -0.064377 +/- 0.0682
Power law: R^2_log = 0.0901 | R^2_lin = -0.5323
Logarithmic: a = 0.000141442 +/- 5.46e-05 | b = 1.32929e+52 +/- 5e-63 | R^2_lin = -0.0006
Bins used: 11 (min_count >= 20)
--- Conditioned on η (Buy, power-law only) ---
[η $\eta < \eta_{median}$] Y = 2.71625e-08 +/- 1.11e-06 | gamma = -1.931321 +/- 6.13 |
[η $\eta < \eta_{median}$] R^2_log = 0.0903 | R^2_lin = -3.6914
[η $\eta < \eta_{median}$] Beta controls: None
[η $\eta < \eta_{median}$] Beta controls SE: None
[η $\eta ≥ \eta_{median}$] Y = 0.0120346 +/- 0.00822 | gamma = 0.048835 +/- 0.17 |
[η $\eta ≥ \eta_{median}$] R^2_log = 0.0102 | R^2_lin = -0.8860
[η $\eta ≥ \eta_{median}$] Beta controls: None
[η $\eta ≥ \eta_{median}$] Beta controls SE: None
--- Conditioned on η (Sell, power-law only) ---
[η $\eta < \eta_{median}$] Y = 0.000142823 +/- 0.000452 | gamma = -0.800134 +/- 0.521 |
[η $\eta < \eta_{median}$] R^2_log = 0.3205 | R^2_lin = -2.1851
[η $\eta < \eta_{median}$] Beta controls: None
[η $\eta < \eta_{median}$] Beta controls SE: None
[η $\eta ≥ \eta_{median}$] Y = 0.0156506 +/- 0.00948 | gamma = 0.185492 +/- 0.172 |
[η $\eta ≥ \eta_{median}$] R^2_log = 0.1423 | R^2_lin = -0.4057
[η $\eta ≥ \eta_{median}$] Beta controls: None
[η $\eta ≥ \eta_{median}$] Beta controls SE: None
[Surface] Not enough populated 2D bins to plot surface/heatmap.
[Surface] Not enough populated 2D bins to plot surface/heatmap.
[Bivariate Fits] Power-law fit skipped: Not enough valid 2D bins for bivariate WLS (got 0).
[Bivariate Fits] Logarithmic fit skipped: Not enough valid 2D bins for bivariate logarithmic fit (got 0).
[Bivariate Fits] No bivariate fit succeeded; skipping plot.
[Bivariate Fits] Power-law fit skipped: Not enough valid 2D bins for bivariate WLS (got 1).
[Bivariate Fits] Logarithmic fit skipped: Not enough valid 2D bins for bivariate logarithmic fit (got 1).
[Bivariate Fits] No bivariate fit succeeded; skipping plot.
