2026-05-15 15:59:01,881 - Total unique members across all ISINs: 73
2026-05-15 15:59:05,399 - Saved PNG to /home/danielemdn/Documents/repositories/Metaorders_PriceImpact/paper/images/member_statistics/png/members_per_isin.png
2026-05-15 15:59:05,400 - Saved HTML to /home/danielemdn/Documents/repositories/Metaorders_PriceImpact/paper/images/member_statistics/html/members_per_isin.html
2026-05-15 15:59:05,401 - Client/proprietary trade ratio across ISINs [min, max]: [0.61095, 1.28902]
2026-05-15 15:59:09,011 - Saved PNG to /home/danielemdn/Documents/repositories/Metaorders_PriceImpact/paper/images/member_statistics/png/proprietary_vs_client_trades_per_isin.png
2026-05-15 15:59:09,011 - Saved HTML to /home/danielemdn/Documents/repositories/Metaorders_PriceImpact/paper/images/member_statistics/html/proprietary_vs_client_trades_per_isin.html
2026-05-15 15:59:12,670 - Saved PNG to /home/danielemdn/Documents/repositories/Metaorders_PriceImpact/paper/images/member_statistics/png/member_isin_coverage_per_member.png
2026-05-15 15:59:12,670 - Saved HTML to /home/danielemdn/Documents/repositories/Metaorders_PriceImpact/paper/images/member_statistics/html/member_isin_coverage_per_member.html
2026-05-15 15:59:15,987 - Saved PNG to /home/danielemdn/Documents/repositories/Metaorders_PriceImpact/paper/images/member_statistics/png/member_activity_heatmap.png
2026-05-15 15:59:16,401 - Saved HTML to /home/danielemdn/Documents/repositories/Metaorders_PriceImpact/paper/images/member_statistics/html/member_activity_heatmap.html
2026-05-18 10:38:46,428 - Total unique members across all ISINs: 73
2026-05-18 10:38:56,048 - Saved PNG to /home/danielemdn/Documents/repositories/Metaorders_PriceImpact/paper/images/member_statistics/png/members_per_isin.png
2026-05-18 10:38:56,048 - Saved HTML to /home/danielemdn/Documents/repositories/Metaorders_PriceImpact/paper/images/member_statistics/html/members_per_isin.html
2026-05-18 10:38:56,049 - Client/proprietary trade ratio across ISINs [min, max]: [0.61095, 1.28902]
2026-05-18 10:38:59,150 - Saved PNG to /home/danielemdn/Documents/repositories/Metaorders_PriceImpact/paper/images/member_statistics/png/proprietary_vs_client_trades_per_isin.png
2026-05-18 10:38:59,150 - Saved HTML to /home/danielemdn/Documents/repositories/Metaorders_PriceImpact/paper/images/member_statistics/html/proprietary_vs_client_trades_per_isin.html
2026-05-18 10:39:02,264 - Saved PNG to /home/danielemdn/Documents/repositories/Metaorders_PriceImpact/paper/images/member_statistics/png/member_isin_coverage_per_member.png
2026-05-18 10:39:02,264 - Saved HTML to /home/danielemdn/Documents/repositories/Metaorders_PriceImpact/paper/images/member_statistics/html/member_isin_coverage_per_member.html
2026-05-18 10:39:05,292 - Saved PNG to /home/danielemdn/Documents/repositories/Metaorders_PriceImpact/paper/images/member_statistics/png/member_activity_heatmap.png
2026-05-18 10:39:05,535 - Saved HTML to /home/danielemdn/Documents/repositories/Metaorders_PriceImpact/paper/images/member_statistics/html/member_activity_heatmap.html
