2026-04-02 22:09:34,759 - [Intro] Metaorder summary-statistics run started...
2026-04-02 22:09:34,759 - [Intro] Parameters — 
  DATASET=ftsemib, LEVEL=member, MEMBER_NATIONALITY=foreign, TRADING_HOURS=('09:30:00', '17:30:00'), RUN_METAORDER_SUMMARY_STATISTICS=True, CONDITION_ON_CLIENT_PROPRIETARY=True
2026-04-02 22:09:34,759 - [Intro] Paths — 
  PARQUET_DIR=/home/danieledinosse/repositories/Metaorders_PriceImpact/data/parquet
  OUTPUT_DIR=/home/danieledinosse/repositories/Metaorders_PriceImpact/out_files/ftsemib
  IMG_DIR=/home/danieledinosse/repositories/Metaorders_PriceImpact/images/ftsemib/member_metaorder_summary_statistics
  PROPRIETARY_DICT_PATH=/home/danieledinosse/repositories/Metaorders_PriceImpact/out_files/ftsemib/metaorders_dict_all_member_proprietary_member_nationality_foreign.pkl
  CLIENT_DICT_PATH=/home/danieledinosse/repositories/Metaorders_PriceImpact/out_files/ftsemib/metaorders_dict_all_member_non_proprietary_member_nationality_foreign.pkl
  MEMBERS_NATIONALITY_PATH=/home/danieledinosse/repositories/Metaorders_PriceImpact/data/members_nationality.parquet
2026-04-02 22:25:29,203 - [Metaorder summary] Sample counts — client_metaorders=232,260, proprietary_metaorders=586,450
2026-04-02 22:25:29,204 - [Metaorder summary][Nationality] client_it=0, client_foreign=232260, prop_it=0, prop_foreign=586450
2026-04-02 22:25:29,213 - [Metaorder summary] Nationality context table paths=/home/danieledinosse/repositories/Metaorders_PriceImpact/out_files/ftsemib/member_metaorder_summary_statistics/nationality_overall_context_member_nationality_foreign.parquet and /home/danieledinosse/repositories/Metaorders_PriceImpact/out_files/ftsemib/member_metaorder_summary_statistics/nationality_overall_context_member_nationality_foreign.csv
2026-04-02 22:25:29,215 - [Metaorder summary][Nationality context] flow=client, it_trade_volume_share=0.00%, it_metaorder_share=0.00%, it_metaorder_volume_share=0.00%, it_own_volume_in_metaorders=NA, foreign_trade_volume_share=100.00%, foreign_metaorder_share=100.00%, foreign_metaorder_volume_share=100.00%, foreign_own_volume_in_metaorders=42.69%, unknown_trade_volume=0, unknown_metaorders=0, mixed_metaorders=0
2026-04-02 22:25:29,216 - [Metaorder summary][Nationality context] flow=proprietary, it_trade_volume_share=0.00%, it_metaorder_share=0.00%, it_metaorder_volume_share=0.00%, it_own_volume_in_metaorders=NA, foreign_trade_volume_share=100.00%, foreign_metaorder_share=100.00%, foreign_metaorder_volume_share=100.00%, foreign_own_volume_in_metaorders=38.09%, unknown_trade_volume=0, unknown_metaorders=0, mixed_metaorders=0
2026-04-02 22:25:29,218 - [Metaorder summary][Nationality context] flow=all_metaorders, it_trade_volume_share=0.00%, it_metaorder_share=0.00%, it_metaorder_volume_share=0.00%, it_own_volume_in_metaorders=NA, foreign_trade_volume_share=100.00%, foreign_metaorder_share=100.00%, foreign_metaorder_volume_share=100.00%, foreign_own_volume_in_metaorders=39.51%, unknown_trade_volume=0, unknown_metaorders=0, mixed_metaorders=0
2026-04-02 22:25:29,368 - [Metaorder summary] Saved nationality-context figure to HTML=/home/danieledinosse/repositories/Metaorders_PriceImpact/images/ftsemib/member_metaorder_summary_statistics/html/nationality_overall_context_member_nationality_foreign.html PNG=None
2026-04-02 22:25:29,446 - [Metaorder summary] Saved nationality-share figure to HTML=/home/danieledinosse/repositories/Metaorders_PriceImpact/images/ftsemib/member_metaorder_summary_statistics/html/nationality_share_prop_vs_client_member_nationality_foreign.html PNG=None
2026-04-02 22:27:44,549 - [Metaorder summary] Member metaorder profile table: client_members=25, prop_members=42
2026-04-02 22:27:44,552 - [Metaorder summary] Member metaorder profile table path=/home/danieledinosse/repositories/Metaorders_PriceImpact/out_files/ftsemib/member_metaorder_summary_statistics/member_metaorder_profiles_member_nationality_foreign.parquet
2026-04-02 22:27:44,675 - [Metaorder summary] Saved member metaorder profile figure to HTML=/home/danieledinosse/repositories/Metaorders_PriceImpact/images/ftsemib/member_metaorder_summary_statistics/html/member_metaorder_profiles_member_nationality_foreign.html PNG=None
2026-04-02 22:31:26,778 - [Metaorder summary] Mean daily metaorder-volume share by ISIN: proprietary=19.6015%, client=9.6796%, total=29.2811% (n_isins=41, n_isin_days=10291)
2026-04-02 22:31:26,847 - [Metaorder summary] Saved mean daily share figure to HTML=/home/danieledinosse/repositories/Metaorders_PriceImpact/images/ftsemib/member_metaorder_summary_statistics/html/mean_daily_metaorder_volume_share_member_nationality_foreign.html PNG=None
