[info] tmux_session=/tmp/tmux-1032/default,52441,10
[info] run_tag=execsched_20260401_135017
[info] started_at=2026-04-01T13:50:17Z
[info] Pipeline logs: out_files/ftsemib/logs/pipeline_execsched_20260401_135017
[info] Legend suppression: DISABLE_PLOT_LEGENDS=false
[info] Parallelism: MAX_JOBS=4
[info] Activating conda environment: main
[phase] Intro transforms (serial)
[info] Intro transforms completed (log: out_files/ftsemib/logs/pipeline_execsched_20260401_135017/intro_transforms.log)
[phase] scripts/metaorder_computation.py slices (parallel)
[info] Starting: metaorder_computation (LEVEL=member, PROPRIETARY=true, MEMBER_NATIONALITY=all)
[info]   log: out_files/ftsemib/logs/pipeline_execsched_20260401_135017/metaorder_computation_member_prop_true_nat_all.log
[info] Starting: metaorder_computation (LEVEL=member, PROPRIETARY=false, MEMBER_NATIONALITY=all)
[info]   log: out_files/ftsemib/logs/pipeline_execsched_20260401_135017/metaorder_computation_member_prop_false_nat_all.log
[info] Starting: metaorder_computation (LEVEL=member, PROPRIETARY=true, MEMBER_NATIONALITY=it)
[info]   log: out_files/ftsemib/logs/pipeline_execsched_20260401_135017/metaorder_computation_member_prop_true_nat_it.log
[info] Starting: metaorder_computation (LEVEL=member, PROPRIETARY=false, MEMBER_NATIONALITY=it)
[info]   log: out_files/ftsemib/logs/pipeline_execsched_20260401_135017/metaorder_computation_member_prop_false_nat_it.log
run_all_pipelines.sh: line 215: wait: -p: invalid option
wait: usage: wait [-n] [id ...]
[error] Job failed (pid=)
run_all_pipelines.sh: line 224: JOB_LABEL: bad array subscript
