2026-02-20 18:41:33,479 - [Intro] Metaorder statistics run started...
2026-02-20 18:41:33,479 - [Intro] Parameters — 
  DATASET=ftsemib, LEVEL=member, PROPRIETARY=False, PROPRIETARY_TAG=non_proprietary, MEMBER_NATIONALITY=foreign, TRADING_HOURS=('09:30:00', '17:30:00'), RUN_METAORDER_DICT_STATS=True, METAORDER_POWERLAW_FIT_ENABLED=False, METAORDER_POWERLAW_MIN_TAIL=50, METAORDER_POWERLAW_NUM_CANDIDATES=1000, METAORDER_POWERLAW_REFINE_WINDOW=50
2026-02-20 18:41:33,480 - [Intro] Paths — 
  PARQUET_PATH=/home/danielemdn/Documents/repositories/Metaorders_PriceImpact/data/parquet
  OUTPUT_FILE_PATH=/home/danielemdn/Documents/repositories/Metaorders_PriceImpact/out_files/ftsemib
  IMG_OUTPUT_PATH=/home/danielemdn/Documents/repositories/Metaorders_PriceImpact/images/ftsemib
  METAORDER_STATS_DICT_PATH=/home/danielemdn/Documents/repositories/Metaorders_PriceImpact/out_files/ftsemib/metaorders_dict_all_member_non_proprietary_member_nationality_foreign.pkl
  MEMBERS_NATIONALITY_PATH=/home/danielemdn/Documents/repositories/Metaorders_PriceImpact/data/members_nationality.parquet
2026-02-20 18:41:33,826 - [Metaorder stats] Building aggregated statistics and density plots...
2026-02-20 18:43:26,411 - [Metaorder stats] Total metaorders (all ISINs): 232260
2026-02-20 18:43:27,947 - [Metaorder stats] Saved HTML to /home/danielemdn/Documents/repositories/Metaorders_PriceImpact/images/ftsemib/member_non_proprietary/html/metaorders_per_member_all_member_nationality_foreign.html
2026-02-20 18:43:27,947 - [Metaorder stats] Saved PNG to /home/danielemdn/Documents/repositories/Metaorders_PriceImpact/images/ftsemib/member_non_proprietary/png/metaorders_per_member_all_member_nationality_foreign.png
2026-02-20 18:43:27,947 - [Metaorder stats][Nationality] proprietary_tag=non_proprietary, member_nationality_tag=foreign, it=0, foreign=232260, known=232260, unknown=0, mixed=0
2026-02-20 18:43:27,947 - [Metaorder stats][Nationality] Percentages (known only) -> it=0.00%, foreign=100.00%
2026-02-20 18:43:29,336 - [Metaorder stats][Nationality] Saved PNG to /home/danielemdn/Documents/repositories/Metaorders_PriceImpact/images/ftsemib/member_non_proprietary/png/nationality_share_non_proprietary_member_nationality_foreign.png
2026-02-20 18:43:29,383 - [Metaorder stats] Power-law fit disabled by config for Metaorder duration (METAORDER_POWERLAW_FIT_ENABLED=False).
2026-02-20 18:43:31,326 - [Metaorder stats] Power-law fit disabled by config for Inter-arrival times (METAORDER_POWERLAW_FIT_ENABLED=False).
2026-02-20 18:43:32,938 - [Metaorder stats] Power-law fit disabled by config for Metaorder volumes (METAORDER_POWERLAW_FIT_ENABLED=False).
2026-02-20 18:43:34,428 - [Metaorder stats] Power-law fit disabled by config for Q/V  (METAORDER_POWERLAW_FIT_ENABLED=False).
2026-02-20 18:43:35,831 - [Metaorder stats] Power-law fit disabled by config for $\eta$ (METAORDER_POWERLAW_FIT_ENABLED=False).
2026-02-20 19:14:15,829 - [Intro] Metaorder statistics run started...
2026-02-20 19:14:15,829 - [Intro] Parameters — 
  DATASET=ftsemib, LEVEL=member, PROPRIETARY=False, PROPRIETARY_TAG=non_proprietary, MEMBER_NATIONALITY=foreign, TRADING_HOURS=('09:30:00', '17:30:00'), RUN_METAORDER_DICT_STATS=True, METAORDER_POWERLAW_FIT_ENABLED=False, METAORDER_POWERLAW_MIN_TAIL=50, METAORDER_POWERLAW_NUM_CANDIDATES=1000, METAORDER_POWERLAW_REFINE_WINDOW=50
2026-02-20 19:14:15,829 - [Intro] Paths — 
  PARQUET_PATH=/home/danielemdn/Documents/repositories/Metaorders_PriceImpact/data/parquet
  OUTPUT_FILE_PATH=/home/danielemdn/Documents/repositories/Metaorders_PriceImpact/out_files/ftsemib
  IMG_OUTPUT_PATH=/home/danielemdn/Documents/repositories/Metaorders_PriceImpact/images/ftsemib
  METAORDER_STATS_DICT_PATH=/home/danielemdn/Documents/repositories/Metaorders_PriceImpact/out_files/ftsemib/metaorders_dict_all_member_non_proprietary_member_nationality_foreign.pkl
  MEMBERS_NATIONALITY_PATH=/home/danielemdn/Documents/repositories/Metaorders_PriceImpact/data/members_nationality.parquet
2026-02-20 19:14:16,138 - [Metaorder stats] Building aggregated statistics and density plots...
2026-02-20 19:16:09,197 - [Metaorder stats] Total metaorders (all ISINs): 232260
2026-02-20 19:16:09,198 - [Metaorder stats] Metaorder side counts (aggressive): buy=116312, sell=115948, tie=0, known=232260
2026-02-20 19:16:10,630 - [Metaorder stats] Saved HTML to /home/danielemdn/Documents/repositories/Metaorders_PriceImpact/images/ftsemib/member_non_proprietary/html/metaorders_per_member_all_member_nationality_foreign.html
2026-02-20 19:16:10,630 - [Metaorder stats] Saved PNG to /home/danielemdn/Documents/repositories/Metaorders_PriceImpact/images/ftsemib/member_non_proprietary/png/metaorders_per_member_all_member_nationality_foreign.png
2026-02-20 19:16:10,630 - [Metaorder stats][Nationality] proprietary_tag=non_proprietary, member_nationality_tag=foreign, it=0, foreign=232260, known=232260, unknown=0, mixed=0
2026-02-20 19:16:10,630 - [Metaorder stats][Nationality] Percentages (known only) -> it=0.00%, foreign=100.00%
2026-02-20 19:16:11,992 - [Metaorder stats][Nationality] Saved PNG to /home/danielemdn/Documents/repositories/Metaorders_PriceImpact/images/ftsemib/member_non_proprietary/png/nationality_share_non_proprietary_member_nationality_foreign.png
2026-02-20 19:16:12,038 - [Metaorder stats] Power-law fit disabled by config for Metaorder duration (METAORDER_POWERLAW_FIT_ENABLED=False).
2026-02-20 19:16:13,883 - [Metaorder stats] Power-law fit disabled by config for Inter-arrival times (METAORDER_POWERLAW_FIT_ENABLED=False).
2026-02-20 19:16:15,598 - [Metaorder stats] Power-law fit disabled by config for Metaorder volumes (METAORDER_POWERLAW_FIT_ENABLED=False).
2026-02-20 19:16:17,147 - [Metaorder stats] Power-law fit disabled by config for Q/V  (METAORDER_POWERLAW_FIT_ENABLED=False).
2026-02-20 19:16:18,857 - [Metaorder stats] Power-law fit disabled by config for $\eta$ (METAORDER_POWERLAW_FIT_ENABLED=False).
2026-02-22 10:26:36,648 - [Intro] Metaorder statistics run started...
2026-02-22 10:26:36,648 - [Intro] Parameters — 
  DATASET=ftsemib, LEVEL=member, PROPRIETARY=False, PROPRIETARY_TAG=non_proprietary, MEMBER_NATIONALITY=foreign, TRADING_HOURS=('09:30:00', '17:30:00'), RUN_METAORDER_DICT_STATS=True, METAORDER_POWERLAW_FIT_ENABLED=False, METAORDER_POWERLAW_MIN_TAIL=50, METAORDER_POWERLAW_NUM_CANDIDATES=1000, METAORDER_POWERLAW_REFINE_WINDOW=50
2026-02-22 10:26:36,648 - [Intro] Paths — 
  PARQUET_PATH=/home/danielemdn/Documents/repositories/Metaorders_PriceImpact/data/parquet
  OUTPUT_FILE_PATH=/home/danielemdn/Documents/repositories/Metaorders_PriceImpact/out_files/ftsemib
  IMG_OUTPUT_PATH=/home/danielemdn/Documents/repositories/Metaorders_PriceImpact/paper/images_new
  METAORDER_STATS_DICT_PATH=/home/danielemdn/Documents/repositories/Metaorders_PriceImpact/out_files/ftsemib/metaorders_dict_all_member_non_proprietary_member_nationality_foreign.pkl
  MEMBERS_NATIONALITY_PATH=/home/danielemdn/Documents/repositories/Metaorders_PriceImpact/data/members_nationality.parquet
2026-02-22 10:26:36,933 - [Metaorder stats] Building aggregated statistics and density plots...
2026-02-22 10:28:23,159 - [Metaorder stats] Total metaorders (all ISINs): 232260
2026-02-22 10:28:23,159 - [Metaorder stats] Metaorder side counts (aggressive): buy=116312, sell=115948, tie=0, known=232260
2026-02-22 10:28:24,497 - [Metaorder stats] Saved HTML to /home/danielemdn/Documents/repositories/Metaorders_PriceImpact/paper/images_new/member_non_proprietary/html/metaorders_per_member_all_member_nationality_foreign.html
2026-02-22 10:28:24,497 - [Metaorder stats] Saved PNG to /home/danielemdn/Documents/repositories/Metaorders_PriceImpact/paper/images_new/member_non_proprietary/png/metaorders_per_member_all_member_nationality_foreign.png
2026-02-22 10:28:24,497 - [Metaorder stats][Nationality] proprietary_tag=non_proprietary, member_nationality_tag=foreign, it=0, foreign=232260, known=232260, unknown=0, mixed=0
2026-02-22 10:28:24,497 - [Metaorder stats][Nationality] Percentages (known only) -> it=0.00%, foreign=100.00%
2026-02-22 10:28:25,854 - [Metaorder stats][Nationality] Saved PNG to /home/danielemdn/Documents/repositories/Metaorders_PriceImpact/paper/images_new/member_non_proprietary/png/nationality_share_non_proprietary_member_nationality_foreign.png
2026-02-22 10:28:25,900 - [Metaorder stats] Power-law fit disabled by config for Metaorder duration (METAORDER_POWERLAW_FIT_ENABLED=False).
2026-02-22 10:28:27,681 - [Metaorder stats] Power-law fit disabled by config for Inter-arrival times (METAORDER_POWERLAW_FIT_ENABLED=False).
2026-02-22 10:28:29,048 - [Metaorder stats] Power-law fit disabled by config for Metaorder volumes (METAORDER_POWERLAW_FIT_ENABLED=False).
2026-02-22 10:28:30,367 - [Metaorder stats] Power-law fit disabled by config for Q/V  (METAORDER_POWERLAW_FIT_ENABLED=False).
2026-02-22 10:28:31,800 - [Metaorder stats] Power-law fit disabled by config for $\eta$ (METAORDER_POWERLAW_FIT_ENABLED=False).
