2026-02-20 18:20:04,505 - [Intro] Metaorder statistics run started...
2026-02-20 18:20:04,505 - [Intro] Parameters — 
  DATASET=ftsemib, LEVEL=member, PROPRIETARY=True, PROPRIETARY_TAG=proprietary, MEMBER_NATIONALITY=all, TRADING_HOURS=('09:30:00', '17:30:00'), RUN_METAORDER_DICT_STATS=True, METAORDER_POWERLAW_FIT_ENABLED=True, METAORDER_POWERLAW_MIN_TAIL=50, METAORDER_POWERLAW_NUM_CANDIDATES=1000, METAORDER_POWERLAW_REFINE_WINDOW=50
2026-02-20 18:20:04,505 - [Intro] Paths — 
  PARQUET_PATH=/home/danielemdn/Documents/repositories/Metaorders_PriceImpact/data/parquet
  OUTPUT_FILE_PATH=/home/danielemdn/Documents/repositories/Metaorders_PriceImpact/out_files/ftsemib
  IMG_OUTPUT_PATH=/home/danielemdn/Documents/repositories/Metaorders_PriceImpact/images/ftsemib
  METAORDER_STATS_DICT_PATH=/home/danielemdn/Documents/repositories/Metaorders_PriceImpact/out_files/ftsemib/metaorders_dict_all_member_proprietary.pkl
  MEMBERS_NATIONALITY_PATH=/home/danielemdn/Documents/repositories/Metaorders_PriceImpact/data/members_nationality.parquet
2026-02-20 18:20:05,183 - [Metaorder stats] Building aggregated statistics and density plots...
2026-02-20 18:40:22,706 - [Intro] Metaorder statistics run started...
2026-02-20 18:40:22,707 - [Intro] Parameters — 
  DATASET=ftsemib, LEVEL=member, PROPRIETARY=True, PROPRIETARY_TAG=proprietary, MEMBER_NATIONALITY=all, TRADING_HOURS=('09:30:00', '17:30:00'), RUN_METAORDER_DICT_STATS=True, METAORDER_POWERLAW_FIT_ENABLED=False, METAORDER_POWERLAW_MIN_TAIL=50, METAORDER_POWERLAW_NUM_CANDIDATES=1000, METAORDER_POWERLAW_REFINE_WINDOW=50
2026-02-20 18:40:22,707 - [Intro] Paths — 
  PARQUET_PATH=/home/danielemdn/Documents/repositories/Metaorders_PriceImpact/data/parquet
  OUTPUT_FILE_PATH=/home/danielemdn/Documents/repositories/Metaorders_PriceImpact/out_files/ftsemib
  IMG_OUTPUT_PATH=/home/danielemdn/Documents/repositories/Metaorders_PriceImpact/images/ftsemib
  METAORDER_STATS_DICT_PATH=/home/danielemdn/Documents/repositories/Metaorders_PriceImpact/out_files/ftsemib/metaorders_dict_all_member_proprietary.pkl
  MEMBERS_NATIONALITY_PATH=/home/danielemdn/Documents/repositories/Metaorders_PriceImpact/data/members_nationality.parquet
2026-02-20 18:40:23,480 - [Metaorder stats] Building aggregated statistics and density plots...
2026-02-20 18:43:40,543 - [Metaorder stats] Total metaorders (all ISINs): 588543
2026-02-20 18:43:41,928 - [Metaorder stats] Saved HTML to /home/danielemdn/Documents/repositories/Metaorders_PriceImpact/images/ftsemib/member_proprietary/html/metaorders_per_member_all.html
2026-02-20 18:43:41,928 - [Metaorder stats] Saved PNG to /home/danielemdn/Documents/repositories/Metaorders_PriceImpact/images/ftsemib/member_proprietary/png/metaorders_per_member_all.png
2026-02-20 18:43:41,928 - [Metaorder stats][Nationality] proprietary_tag=proprietary, member_nationality_tag=all, it=2093, foreign=586450, known=588543, unknown=0, mixed=0
2026-02-20 18:43:41,928 - [Metaorder stats][Nationality] Percentages (known only) -> it=0.36%, foreign=99.64%
2026-02-20 18:43:43,293 - [Metaorder stats][Nationality] Saved PNG to /home/danielemdn/Documents/repositories/Metaorders_PriceImpact/images/ftsemib/member_proprietary/png/nationality_share_proprietary.png
2026-02-20 18:43:43,407 - [Metaorder stats] Power-law fit disabled by config for Metaorder duration (METAORDER_POWERLAW_FIT_ENABLED=False).
2026-02-20 18:43:45,508 - [Metaorder stats] Power-law fit disabled by config for Inter-arrival times (METAORDER_POWERLAW_FIT_ENABLED=False).
2026-02-20 18:43:47,109 - [Metaorder stats] Power-law fit disabled by config for Metaorder volumes (METAORDER_POWERLAW_FIT_ENABLED=False).
2026-02-20 18:43:48,595 - [Metaorder stats] Power-law fit disabled by config for Q/V  (METAORDER_POWERLAW_FIT_ENABLED=False).
2026-02-20 18:43:50,200 - [Metaorder stats] Power-law fit disabled by config for $\eta$ (METAORDER_POWERLAW_FIT_ENABLED=False).
2026-02-20 19:13:01,211 - [Intro] Metaorder statistics run started...
2026-02-20 19:13:01,212 - [Intro] Parameters — 
  DATASET=ftsemib, LEVEL=member, PROPRIETARY=True, PROPRIETARY_TAG=proprietary, MEMBER_NATIONALITY=all, TRADING_HOURS=('09:30:00', '17:30:00'), RUN_METAORDER_DICT_STATS=True, METAORDER_POWERLAW_FIT_ENABLED=False, METAORDER_POWERLAW_MIN_TAIL=50, METAORDER_POWERLAW_NUM_CANDIDATES=1000, METAORDER_POWERLAW_REFINE_WINDOW=50
2026-02-20 19:13:01,212 - [Intro] Paths — 
  PARQUET_PATH=/home/danielemdn/Documents/repositories/Metaorders_PriceImpact/data/parquet
  OUTPUT_FILE_PATH=/home/danielemdn/Documents/repositories/Metaorders_PriceImpact/out_files/ftsemib
  IMG_OUTPUT_PATH=/home/danielemdn/Documents/repositories/Metaorders_PriceImpact/images/ftsemib
  METAORDER_STATS_DICT_PATH=/home/danielemdn/Documents/repositories/Metaorders_PriceImpact/out_files/ftsemib/metaorders_dict_all_member_proprietary.pkl
  MEMBERS_NATIONALITY_PATH=/home/danielemdn/Documents/repositories/Metaorders_PriceImpact/data/members_nationality.parquet
2026-02-20 19:13:01,990 - [Metaorder stats] Building aggregated statistics and density plots...
2026-02-20 19:16:26,802 - [Metaorder stats] Total metaorders (all ISINs): 588543
2026-02-20 19:16:26,802 - [Metaorder stats] Metaorder side counts (aggressive): buy=279992, sell=308551, tie=0, known=588543
2026-02-20 19:16:28,257 - [Metaorder stats] Saved HTML to /home/danielemdn/Documents/repositories/Metaorders_PriceImpact/images/ftsemib/member_proprietary/html/metaorders_per_member_all.html
2026-02-20 19:16:28,257 - [Metaorder stats] Saved PNG to /home/danielemdn/Documents/repositories/Metaorders_PriceImpact/images/ftsemib/member_proprietary/png/metaorders_per_member_all.png
2026-02-20 19:16:28,257 - [Metaorder stats][Nationality] proprietary_tag=proprietary, member_nationality_tag=all, it=2093, foreign=586450, known=588543, unknown=0, mixed=0
2026-02-20 19:16:28,258 - [Metaorder stats][Nationality] Percentages (known only) -> it=0.36%, foreign=99.64%
2026-02-20 19:16:29,645 - [Metaorder stats][Nationality] Saved PNG to /home/danielemdn/Documents/repositories/Metaorders_PriceImpact/images/ftsemib/member_proprietary/png/nationality_share_proprietary.png
2026-02-20 19:16:29,756 - [Metaorder stats] Power-law fit disabled by config for Metaorder duration (METAORDER_POWERLAW_FIT_ENABLED=False).
2026-02-20 19:16:31,862 - [Metaorder stats] Power-law fit disabled by config for Inter-arrival times (METAORDER_POWERLAW_FIT_ENABLED=False).
2026-02-20 19:16:33,485 - [Metaorder stats] Power-law fit disabled by config for Metaorder volumes (METAORDER_POWERLAW_FIT_ENABLED=False).
2026-02-20 19:16:35,009 - [Metaorder stats] Power-law fit disabled by config for Q/V  (METAORDER_POWERLAW_FIT_ENABLED=False).
2026-02-20 19:16:36,577 - [Metaorder stats] Power-law fit disabled by config for $\eta$ (METAORDER_POWERLAW_FIT_ENABLED=False).
