2026-03-12 10:47:21,713 - [Intro] Metaorder summary-statistics run started...
2026-03-12 10:47:21,713 - [Intro] Parameters — 
  DATASET=ftsemib, LEVEL=member, MEMBER_NATIONALITY=all, TRADING_HOURS=('09:30:00', '17:30:00'), RUN_METAORDER_SUMMARY_STATISTICS=True, CONDITION_ON_CLIENT_PROPRIETARY=False
2026-03-12 10:47:21,713 - [Intro] Paths — 
  PARQUET_DIR=/home/danielemdn/Documents/repositories/Metaorders_PriceImpact/data/parquet
  OUTPUT_DIR=/home/danielemdn/Documents/repositories/Metaorders_PriceImpact/out_files/ftsemib
  IMG_DIR=/home/danielemdn/Documents/repositories/Metaorders_PriceImpact/images/ftsemib/member_metaorder_summary_statistics
  PROPRIETARY_DICT_PATH=/home/danielemdn/Documents/repositories/Metaorders_PriceImpact/out_files/ftsemib/metaorders_dict_all_member_proprietary.pkl
  CLIENT_DICT_PATH=/home/danielemdn/Documents/repositories/Metaorders_PriceImpact/out_files/ftsemib/metaorders_dict_all_member_non_proprietary.pkl
  MEMBERS_NATIONALITY_PATH=/home/danielemdn/Documents/repositories/Metaorders_PriceImpact/data/members_nationality.parquet
2026-03-12 10:52:47,649 - [Metaorder summary] Sample counts — all_metaorders=844,914 (client=256,371, proprietary=588,543)
2026-03-12 10:52:47,649 - [Metaorder summary][Nationality] all_it=26204, all_foreign=818710
2026-03-12 10:52:49,374 - [Metaorder summary] Saved nationality-share figure to HTML=/home/danielemdn/Documents/repositories/Metaorders_PriceImpact/images/ftsemib/member_metaorder_summary_statistics/html/nationality_share_all_metaorders.html PNG=/home/danielemdn/Documents/repositories/Metaorders_PriceImpact/images/ftsemib/member_metaorder_summary_statistics/png/nationality_share_all_metaorders.png
2026-03-12 11:03:45,129 - [Intro] Metaorder summary-statistics run started...
2026-03-12 11:03:45,129 - [Intro] Parameters — 
  DATASET=ftsemib, LEVEL=member, MEMBER_NATIONALITY=all, TRADING_HOURS=('09:30:00', '17:30:00'), RUN_METAORDER_SUMMARY_STATISTICS=True, CONDITION_ON_CLIENT_PROPRIETARY=False
2026-03-12 11:03:45,129 - [Intro] Paths — 
  PARQUET_DIR=/home/danielemdn/Documents/repositories/Metaorders_PriceImpact/data/parquet
  OUTPUT_DIR=/home/danielemdn/Documents/repositories/Metaorders_PriceImpact/out_files/ftsemib
  IMG_DIR=/home/danielemdn/Documents/repositories/Metaorders_PriceImpact/images/ftsemib/member_metaorder_summary_statistics
  PROPRIETARY_DICT_PATH=/home/danielemdn/Documents/repositories/Metaorders_PriceImpact/out_files/ftsemib/metaorders_dict_all_member_proprietary.pkl
  CLIENT_DICT_PATH=/home/danielemdn/Documents/repositories/Metaorders_PriceImpact/out_files/ftsemib/metaorders_dict_all_member_non_proprietary.pkl
  MEMBERS_NATIONALITY_PATH=/home/danielemdn/Documents/repositories/Metaorders_PriceImpact/data/members_nationality.parquet
2026-03-12 11:08:32,824 - [Metaorder summary] Sample counts — all_metaorders=844,914 (client=256,371, proprietary=588,543)
2026-03-12 11:08:32,824 - [Metaorder summary][Nationality] all_it=26204, all_foreign=818710
2026-03-12 11:08:34,120 - [Metaorder summary] Saved nationality-share figure to HTML=/home/danielemdn/Documents/repositories/Metaorders_PriceImpact/images/ftsemib/member_metaorder_summary_statistics/html/nationality_share_all_metaorders.html PNG=/home/danielemdn/Documents/repositories/Metaorders_PriceImpact/images/ftsemib/member_metaorder_summary_statistics/png/nationality_share_all_metaorders.png
2026-03-12 11:09:24,657 - [Metaorder summary] Member metaorder profile table: members=73
2026-03-12 11:09:24,659 - [Metaorder summary] Member metaorder profile table path=/home/danielemdn/Documents/repositories/Metaorders_PriceImpact/out_files/ftsemib/member_metaorder_summary_statistics/member_metaorder_profiles_all_metaorders.parquet
2026-03-12 11:09:26,405 - [Metaorder summary] Saved member metaorder profile figure to HTML=/home/danielemdn/Documents/repositories/Metaorders_PriceImpact/images/ftsemib/member_metaorder_summary_statistics/html/member_metaorder_profiles_all_metaorders.html PNG=/home/danielemdn/Documents/repositories/Metaorders_PriceImpact/images/ftsemib/member_metaorder_summary_statistics/png/member_metaorder_profiles_all_metaorders.png
2026-03-12 11:10:45,246 - [Metaorder summary] Mean daily metaorder-volume share by ISIN: all_metaorders=30.0855% (n_isins=41, n_isin_days=10291)
2026-03-12 11:10:46,642 - [Metaorder summary] Saved mean daily share figure to HTML=/home/danielemdn/Documents/repositories/Metaorders_PriceImpact/images/ftsemib/member_metaorder_summary_statistics/html/mean_daily_metaorder_volume_share_all_metaorders.html PNG=/home/danielemdn/Documents/repositories/Metaorders_PriceImpact/images/ftsemib/member_metaorder_summary_statistics/png/mean_daily_metaorder_volume_share_all_metaorders.png
2026-03-12 11:20:06,561 - [Intro] Metaorder summary-statistics run started...
2026-03-12 11:20:06,561 - [Intro] Parameters — 
  DATASET=ftsemib, LEVEL=member, MEMBER_NATIONALITY=all, TRADING_HOURS=('09:30:00', '17:30:00'), RUN_METAORDER_SUMMARY_STATISTICS=True, CONDITION_ON_CLIENT_PROPRIETARY=False
2026-03-12 11:20:06,561 - [Intro] Paths — 
  PARQUET_DIR=/home/danielemdn/Documents/repositories/Metaorders_PriceImpact/data/parquet
  OUTPUT_DIR=/home/danielemdn/Documents/repositories/Metaorders_PriceImpact/out_files/ftsemib
  IMG_DIR=/home/danielemdn/Documents/repositories/Metaorders_PriceImpact/images/ftsemib/member_metaorder_summary_statistics
  PROPRIETARY_DICT_PATH=/home/danielemdn/Documents/repositories/Metaorders_PriceImpact/out_files/ftsemib/metaorders_dict_all_member_proprietary.pkl
  CLIENT_DICT_PATH=/home/danielemdn/Documents/repositories/Metaorders_PriceImpact/out_files/ftsemib/metaorders_dict_all_member_non_proprietary.pkl
  MEMBERS_NATIONALITY_PATH=/home/danielemdn/Documents/repositories/Metaorders_PriceImpact/data/members_nationality.parquet
2026-03-12 11:25:15,708 - [Metaorder summary] Sample counts — all_metaorders=844,914 (client=256,371, proprietary=588,543)
2026-03-12 11:25:15,709 - [Metaorder summary][Nationality] all_it=26204, all_foreign=818710
2026-03-12 11:25:17,347 - [Metaorder summary] Saved nationality-share figure to HTML=/home/danielemdn/Documents/repositories/Metaorders_PriceImpact/images/ftsemib/member_metaorder_summary_statistics/html/nationality_share_all_metaorders.html PNG=/home/danielemdn/Documents/repositories/Metaorders_PriceImpact/images/ftsemib/member_metaorder_summary_statistics/png/nationality_share_all_metaorders.png
2026-03-12 11:26:08,483 - [Metaorder summary] Member metaorder profile table: members=73
2026-03-12 11:26:08,494 - [Metaorder summary] Member metaorder profile table path=/home/danielemdn/Documents/repositories/Metaorders_PriceImpact/out_files/ftsemib/member_metaorder_summary_statistics/member_metaorder_profiles_all_metaorders.parquet
2026-03-12 11:26:10,297 - [Metaorder summary] Saved member metaorder profile figure to HTML=/home/danielemdn/Documents/repositories/Metaorders_PriceImpact/images/ftsemib/member_metaorder_summary_statistics/html/member_metaorder_profiles_all_metaorders.html PNG=/home/danielemdn/Documents/repositories/Metaorders_PriceImpact/images/ftsemib/member_metaorder_summary_statistics/png/member_metaorder_profiles_all_metaorders.png
2026-03-12 11:27:37,787 - [Metaorder summary] Mean daily metaorder-volume share by ISIN: all_metaorders=30.0855% (n_isins=41, n_isin_days=10291)
2026-03-12 11:27:40,242 - [Metaorder summary] Saved mean daily share figure to HTML=/home/danielemdn/Documents/repositories/Metaorders_PriceImpact/images/ftsemib/member_metaorder_summary_statistics/html/mean_daily_metaorder_volume_share_all_metaorders.html PNG=/home/danielemdn/Documents/repositories/Metaorders_PriceImpact/images/ftsemib/member_metaorder_summary_statistics/png/mean_daily_metaorder_volume_share_all_metaorders.png
2026-04-21 16:19:38,657 - [Intro] Metaorder summary-statistics run started...
2026-04-21 16:19:38,657 - [Intro] Parameters — 
  DATASET=ftsemib, LEVEL=member, MEMBER_NATIONALITY=all, TRADING_HOURS=('09:30:00', '17:30:00'), RUN_METAORDER_SUMMARY_STATISTICS=True, CONDITION_ON_CLIENT_PROPRIETARY=False
2026-04-21 16:19:38,657 - [Intro] Paths — 
  PARQUET_DIR=/home/danielemdn/Documents/repositories/Metaorders_PriceImpact/data/parquet
  OUTPUT_DIR=/home/danielemdn/Documents/repositories/Metaorders_PriceImpact/out_files/ftsemib
  IMG_DIR=/home/danielemdn/Documents/repositories/Metaorders_PriceImpact/paper/images/member_metaorder_summary_statistics
  PROPRIETARY_DICT_PATH=/home/danielemdn/Documents/repositories/Metaorders_PriceImpact/out_files/ftsemib/metaorders_dict_all_member_proprietary.pkl
  CLIENT_DICT_PATH=/home/danielemdn/Documents/repositories/Metaorders_PriceImpact/out_files/ftsemib/metaorders_dict_all_member_non_proprietary.pkl
  MEMBERS_NATIONALITY_PATH=/home/danielemdn/Documents/repositories/Metaorders_PriceImpact/data/members_nationality.parquet
2026-04-21 16:24:34,750 - [Metaorder summary] Sample counts — all_metaorders=844,914 (client=256,371, proprietary=588,543)
2026-04-21 16:24:34,750 - [Metaorder summary][Nationality] all_it=26204, all_foreign=818710
2026-04-21 16:24:34,769 - [Metaorder summary] Nationality context table paths=/home/danielemdn/Documents/repositories/Metaorders_PriceImpact/out_files/ftsemib/member_metaorder_summary_statistics/nationality_overall_context.parquet and /home/danielemdn/Documents/repositories/Metaorders_PriceImpact/out_files/ftsemib/member_metaorder_summary_statistics/nationality_overall_context.csv
2026-04-21 16:24:34,771 - [Metaorder summary][Nationality context] flow=client, it_trade_volume_share=52.72%, it_metaorder_share=9.40%, it_metaorder_volume_share=9.77%, it_own_volume_in_metaorders=4.15%, foreign_trade_volume_share=47.28%, foreign_metaorder_share=90.60%, foreign_metaorder_volume_share=90.23%, foreign_own_volume_in_metaorders=42.69%, unknown_trade_volume=0, unknown_metaorders=0, mixed_metaorders=0
2026-04-21 16:24:34,772 - [Metaorder summary][Nationality context] flow=proprietary, it_trade_volume_share=1.94%, it_metaorder_share=0.36%, it_metaorder_volume_share=0.57%, it_own_volume_in_metaorders=11.00%, foreign_trade_volume_share=98.06%, foreign_metaorder_share=99.64%, foreign_metaorder_volume_share=99.43%, foreign_own_volume_in_metaorders=38.09%, unknown_trade_volume=0, unknown_metaorders=0, mixed_metaorders=0
2026-04-21 16:24:34,773 - [Metaorder summary][Nationality context] flow=all_metaorders, it_trade_volume_share=26.34%, it_metaorder_share=3.10%, it_metaorder_volume_share=3.84%, it_own_volume_in_metaorders=4.41%, foreign_trade_volume_share=73.66%, foreign_metaorder_share=96.90%, foreign_metaorder_volume_share=96.16%, foreign_own_volume_in_metaorders=39.51%, unknown_trade_volume=0, unknown_metaorders=0, mixed_metaorders=0
2026-04-21 16:24:37,708 - [Metaorder summary] Saved nationality-context figure to HTML=/home/danielemdn/Documents/repositories/Metaorders_PriceImpact/paper/images/member_metaorder_summary_statistics/html/nationality_overall_context_all_metaorders.html PNG=/home/danielemdn/Documents/repositories/Metaorders_PriceImpact/paper/images/member_metaorder_summary_statistics/png/nationality_overall_context_all_metaorders.png
2026-04-21 16:24:40,670 - [Metaorder summary] Saved nationality-share figure to HTML=/home/danielemdn/Documents/repositories/Metaorders_PriceImpact/paper/images/member_metaorder_summary_statistics/html/nationality_share_all_metaorders.html PNG=/home/danielemdn/Documents/repositories/Metaorders_PriceImpact/paper/images/member_metaorder_summary_statistics/png/nationality_share_all_metaorders.png
2026-04-21 16:25:35,223 - [Metaorder summary] Member metaorder profile table: members=73
2026-04-21 16:25:35,225 - [Metaorder summary] Member metaorder profile table path=/home/danielemdn/Documents/repositories/Metaorders_PriceImpact/out_files/ftsemib/member_metaorder_summary_statistics/member_metaorder_profiles_all_metaorders.parquet
2026-04-21 16:25:38,618 - [Metaorder summary] Saved member metaorder profile figure to HTML=/home/danielemdn/Documents/repositories/Metaorders_PriceImpact/paper/images/member_metaorder_summary_statistics/html/member_metaorder_profiles_all_metaorders.html PNG=/home/danielemdn/Documents/repositories/Metaorders_PriceImpact/paper/images/member_metaorder_summary_statistics/png/member_metaorder_profiles_all_metaorders.png
2026-04-21 16:27:07,380 - [Metaorder summary] Mean daily metaorder-volume share by ISIN: all_metaorders=30.0855% (n_isins=41, n_isin_days=10291)
2026-04-21 16:27:10,300 - [Metaorder summary] Saved mean daily share figure to HTML=/home/danielemdn/Documents/repositories/Metaorders_PriceImpact/paper/images/member_metaorder_summary_statistics/html/mean_daily_metaorder_volume_share_all_metaorders.html PNG=/home/danielemdn/Documents/repositories/Metaorders_PriceImpact/paper/images/member_metaorder_summary_statistics/png/mean_daily_metaorder_volume_share_all_metaorders.png
2026-04-21 17:23:10,419 - [Intro] Metaorder summary-statistics run started...
2026-04-21 17:23:10,419 - [Intro] Parameters — 
  DATASET=ftsemib, LEVEL=member, MEMBER_NATIONALITY=all, TRADING_HOURS=('09:30:00', '17:30:00'), RUN_METAORDER_SUMMARY_STATISTICS=True, CONDITION_ON_CLIENT_PROPRIETARY=False
2026-04-21 17:23:10,419 - [Intro] Paths — 
  PARQUET_DIR=/home/danielemdn/Documents/repositories/Metaorders_PriceImpact/data/parquet
  OUTPUT_DIR=/home/danielemdn/Documents/repositories/Metaorders_PriceImpact/out_files/ftsemib
  IMG_DIR=/home/danielemdn/Documents/repositories/Metaorders_PriceImpact/paper/images/member_metaorder_summary_statistics
  PROPRIETARY_DICT_PATH=/home/danielemdn/Documents/repositories/Metaorders_PriceImpact/out_files/ftsemib/metaorders_dict_all_member_proprietary.pkl
  CLIENT_DICT_PATH=/home/danielemdn/Documents/repositories/Metaorders_PriceImpact/out_files/ftsemib/metaorders_dict_all_member_non_proprietary.pkl
  MEMBERS_NATIONALITY_PATH=/home/danielemdn/Documents/repositories/Metaorders_PriceImpact/data/members_nationality.parquet
2026-04-21 17:28:15,931 - [Metaorder summary] Sample counts — all_metaorders=844,914 (client=256,371, proprietary=588,543)
2026-04-21 17:28:15,931 - [Metaorder summary][Nationality] all_it=26204, all_foreign=818710
2026-04-21 17:28:15,938 - [Metaorder summary] Nationality context table paths=/home/danielemdn/Documents/repositories/Metaorders_PriceImpact/out_files/ftsemib/member_metaorder_summary_statistics/nationality_overall_context.parquet and /home/danielemdn/Documents/repositories/Metaorders_PriceImpact/out_files/ftsemib/member_metaorder_summary_statistics/nationality_overall_context.csv
2026-04-21 17:28:15,939 - [Metaorder summary][Nationality context] flow=client, it_trade_volume_share=52.72%, it_metaorder_share=9.40%, it_metaorder_volume_share=9.77%, it_own_volume_in_metaorders=4.15%, foreign_trade_volume_share=47.28%, foreign_metaorder_share=90.60%, foreign_metaorder_volume_share=90.23%, foreign_own_volume_in_metaorders=42.69%, unknown_trade_volume=0, unknown_metaorders=0, mixed_metaorders=0
2026-04-21 17:28:15,940 - [Metaorder summary][Nationality context] flow=proprietary, it_trade_volume_share=1.94%, it_metaorder_share=0.36%, it_metaorder_volume_share=0.57%, it_own_volume_in_metaorders=11.00%, foreign_trade_volume_share=98.06%, foreign_metaorder_share=99.64%, foreign_metaorder_volume_share=99.43%, foreign_own_volume_in_metaorders=38.09%, unknown_trade_volume=0, unknown_metaorders=0, mixed_metaorders=0
2026-04-21 17:28:15,941 - [Metaorder summary][Nationality context] flow=all_metaorders, it_trade_volume_share=26.34%, it_metaorder_share=3.10%, it_metaorder_volume_share=3.84%, it_own_volume_in_metaorders=4.41%, foreign_trade_volume_share=73.66%, foreign_metaorder_share=96.90%, foreign_metaorder_volume_share=96.16%, foreign_own_volume_in_metaorders=39.51%, unknown_trade_volume=0, unknown_metaorders=0, mixed_metaorders=0
2026-04-22 09:06:24,392 - [Intro] Metaorder summary-statistics run started...
2026-04-22 09:06:24,392 - [Intro] Parameters — 
  DATASET=ftsemib, LEVEL=member, MEMBER_NATIONALITY=all, TRADING_HOURS=('09:30:00', '17:30:00'), RUN_METAORDER_SUMMARY_STATISTICS=True, CONDITION_ON_CLIENT_PROPRIETARY=False
2026-04-22 09:06:24,392 - [Intro] Paths — 
  PARQUET_DIR=/home/danielemdn/Documents/repositories/Metaorders_PriceImpact/data/parquet
  OUTPUT_DIR=/home/danielemdn/Documents/repositories/Metaorders_PriceImpact/out_files/ftsemib
  IMG_DIR=/home/danielemdn/Documents/repositories/Metaorders_PriceImpact/paper/images/member_metaorder_summary_statistics
  PROPRIETARY_DICT_PATH=/home/danielemdn/Documents/repositories/Metaorders_PriceImpact/out_files/ftsemib/metaorders_dict_all_member_proprietary.pkl
  CLIENT_DICT_PATH=/home/danielemdn/Documents/repositories/Metaorders_PriceImpact/out_files/ftsemib/metaorders_dict_all_member_non_proprietary.pkl
  MEMBERS_NATIONALITY_PATH=/home/danielemdn/Documents/repositories/Metaorders_PriceImpact/data/members_nationality.parquet
2026-04-22 09:11:19,993 - [Metaorder summary] Sample counts — all_metaorders=844,914 (client=256,371, proprietary=588,543)
2026-04-22 09:11:19,993 - [Metaorder summary][Nationality] all_it=26204, all_foreign=818710
2026-04-22 09:11:20,006 - [Metaorder summary] Nationality context table paths=/home/danielemdn/Documents/repositories/Metaorders_PriceImpact/out_files/ftsemib/member_metaorder_summary_statistics/nationality_overall_context.parquet and /home/danielemdn/Documents/repositories/Metaorders_PriceImpact/out_files/ftsemib/member_metaorder_summary_statistics/nationality_overall_context.csv
2026-04-22 09:11:20,008 - [Metaorder summary][Nationality context] flow=client, it_trade_volume_share=52.72%, it_metaorder_share=9.40%, it_metaorder_volume_share=9.77%, it_own_volume_in_metaorders=4.15%, foreign_trade_volume_share=47.28%, foreign_metaorder_share=90.60%, foreign_metaorder_volume_share=90.23%, foreign_own_volume_in_metaorders=42.69%, unknown_trade_volume=0, unknown_metaorders=0, mixed_metaorders=0
2026-04-22 09:11:20,009 - [Metaorder summary][Nationality context] flow=proprietary, it_trade_volume_share=1.94%, it_metaorder_share=0.36%, it_metaorder_volume_share=0.57%, it_own_volume_in_metaorders=11.00%, foreign_trade_volume_share=98.06%, foreign_metaorder_share=99.64%, foreign_metaorder_volume_share=99.43%, foreign_own_volume_in_metaorders=38.09%, unknown_trade_volume=0, unknown_metaorders=0, mixed_metaorders=0
2026-04-22 09:11:20,009 - [Metaorder summary][Nationality context] flow=all_metaorders, it_trade_volume_share=26.34%, it_metaorder_share=3.10%, it_metaorder_volume_share=3.84%, it_own_volume_in_metaorders=4.41%, foreign_trade_volume_share=73.66%, foreign_metaorder_share=96.90%, foreign_metaorder_volume_share=96.16%, foreign_own_volume_in_metaorders=39.51%, unknown_trade_volume=0, unknown_metaorders=0, mixed_metaorders=0
2026-04-22 09:11:22,666 - [Metaorder summary] Saved nationality-context figure to HTML=/home/danielemdn/Documents/repositories/Metaorders_PriceImpact/paper/images/member_metaorder_summary_statistics/html/nationality_overall_context_all_metaorders.html PNG=/home/danielemdn/Documents/repositories/Metaorders_PriceImpact/paper/images/member_metaorder_summary_statistics/png/nationality_overall_context_all_metaorders.png
2026-04-22 09:11:25,264 - [Metaorder summary] Saved nationality-share figure to HTML=/home/danielemdn/Documents/repositories/Metaorders_PriceImpact/paper/images/member_metaorder_summary_statistics/html/nationality_share_all_metaorders.html PNG=/home/danielemdn/Documents/repositories/Metaorders_PriceImpact/paper/images/member_metaorder_summary_statistics/png/nationality_share_all_metaorders.png
2026-04-22 09:12:14,839 - [Metaorder summary] Member metaorder profile table: members=73
2026-04-22 09:12:14,840 - [Metaorder summary] Member metaorder profile table path=/home/danielemdn/Documents/repositories/Metaorders_PriceImpact/out_files/ftsemib/member_metaorder_summary_statistics/member_metaorder_profiles_all_metaorders.parquet
2026-04-22 09:12:17,555 - [Metaorder summary] Saved member metaorder profile figure to HTML=/home/danielemdn/Documents/repositories/Metaorders_PriceImpact/paper/images/member_metaorder_summary_statistics/html/member_metaorder_profiles_all_metaorders.html PNG=/home/danielemdn/Documents/repositories/Metaorders_PriceImpact/paper/images/member_metaorder_summary_statistics/png/member_metaorder_profiles_all_metaorders.png
2026-04-22 09:13:36,549 - [Metaorder summary] Mean daily metaorder-volume share by ISIN: all_metaorders=30.0855% (n_isins=41, n_isin_days=10291)
2026-04-22 09:13:39,270 - [Metaorder summary] Saved mean daily share figure to HTML=/home/danielemdn/Documents/repositories/Metaorders_PriceImpact/paper/images/member_metaorder_summary_statistics/html/mean_daily_metaorder_volume_share_all_metaorders.html PNG=/home/danielemdn/Documents/repositories/Metaorders_PriceImpact/paper/images/member_metaorder_summary_statistics/png/mean_daily_metaorder_volume_share_all_metaorders.png
