2026-02-13 14:56:33,047 - [log] Writing stdout prints to: /home/danielemdn/Documents/repositories/Metaorders_PriceImpact/out_files/ftsemib/crowding_vs_part_rate/run_20260213_145633.log
2026-02-13 14:56:33,047 - [run] run_id=20260213_145633 dataset=ftsemib out_dir=/home/danielemdn/Documents/repositories/Metaorders_PriceImpact/out_files/ftsemib/crowding_vs_part_rate
2026-02-13 14:56:34,880 - [bin-stats] local (prop): counts + within-bin std
2026-02-13 14:56:34,890 -  bin      n  eta_std  std_align  std_abs_imb
   0     10 0.000022   0.228650     0.112082
   1     62 0.000054   0.317317     0.181775
   2    342 0.000150   0.242309     0.142231
   3   1606 0.000411   0.265788     0.156016
   4   6602 0.001171   0.267783     0.159458
   5  30756 0.003184   0.274525     0.163041
   6 113388 0.008810   0.282300     0.166848
   7 221774 0.023996   0.288189     0.170381
   8 175291 0.061683   0.294111     0.175110
   9  38503 0.130289   0.307155     0.183134
2026-02-13 14:56:34,890 - [bin-stats] local (client): counts + within-bin std
2026-02-13 14:56:34,891 -  bin     n  eta_std  std_align  std_abs_imb
   0    20 0.000009   0.514003     0.293240
   1   236 0.000027   0.435608     0.229714
   2  1061 0.000085   0.447348     0.244570
   3  3096 0.000260   0.461216     0.247659
   4  9821 0.000778   0.447910     0.242024
   5 30078 0.002329   0.458987     0.245960
   6 61623 0.007023   0.462948     0.251914
   7 80715 0.021146   0.453815     0.254987
   8 61315 0.055438   0.438019     0.260230
   9  7404 0.128027   0.460935     0.267173
2026-02-13 14:56:40,698 - [bin-stats] cross (prop): counts + within-bin std
2026-02-13 14:56:40,700 -  bin      n  eta_std  std_align  std_abs_imb
   0     10 0.000022   0.280913     0.138085
   1     62 0.000054   0.441100     0.248946
   2    342 0.000150   0.461404     0.246536
   3   1605 0.000411   0.438268     0.236852
   4   6602 0.001171   0.448947     0.239750
   5  30749 0.003184   0.457340     0.245454
   6 113351 0.008810   0.467425     0.252578
   7 221590 0.023996   0.476805     0.258479
   8 175040 0.061680   0.489603     0.265022
   9  38392 0.130087   0.517847     0.280603
2026-02-13 14:56:40,700 - [bin-stats] cross (client): counts + within-bin std
2026-02-13 14:56:40,700 -  bin     n  eta_std  std_align  std_abs_imb
   0    20 0.000009   0.239673     0.135269
   1   237 0.000027   0.273053     0.159820
   2  1061 0.000085   0.268829     0.157483
   3  3096 0.000260   0.272199     0.160799
   4  9822 0.000778   0.268817     0.158481
   5 30084 0.002329   0.277386     0.163481
   6 61656 0.007023   0.285580     0.168385
   7 80767 0.021147   0.289422     0.171086
   8 61382 0.055435   0.294623     0.175264
   9  7410 0.128031   0.304710     0.181581
2026-02-13 14:56:45,655 - Done.
