2026-02-13 14:58:40,592 - [log] Writing stdout prints to: /home/danielemdn/Documents/repositories/Metaorders_PriceImpact/out_files/ftsemib/crowding_vs_part_rate/run_20260213_145840.log
2026-02-13 14:58:40,593 - [run] run_id=20260213_145840 dataset=ftsemib out_dir=/home/danielemdn/Documents/repositories/Metaorders_PriceImpact/out_files/ftsemib/crowding_vs_part_rate
2026-02-13 14:58:42,333 - [bin-stats] local (prop): counts + within-bin std
2026-02-13 14:58:42,335 -  bin      n  eta_std  std_align  std_abs_imb
   0      1      NaN        NaN          NaN
   1     14 0.000023   0.222204     0.115982
   2    115 0.000092   0.281019     0.166735
   3    693 0.000258   0.253436     0.150722
   4   3538 0.000776   0.266007     0.157156
   5  18003 0.002312   0.271043     0.160698
   6  86500 0.006933   0.280405     0.166222
   7 221152 0.020982   0.286946     0.169483
   8 210281 0.059206   0.292945     0.174136
   9  48037 0.132750   0.306076     0.182764
2026-02-13 14:58:42,335 - [bin-stats] local (client): counts + within-bin std
2026-02-13 14:58:42,336 -  bin     n  eta_std  std_align  std_abs_imb
   0    20 0.000009   0.514003     0.293240
   1   236 0.000027   0.435608     0.229714
   2  1061 0.000085   0.447348     0.244570
   3  3096 0.000260   0.461216     0.247659
   4  9821 0.000778   0.447910     0.242024
   5 30078 0.002329   0.458987     0.245960
   6 61623 0.007023   0.462948     0.251914
   7 80715 0.021146   0.453815     0.254987
   8 61315 0.055438   0.438019     0.260230
   9  7404 0.128027   0.460935     0.267173
2026-02-13 14:58:48,168 - [bin-stats] cross (prop): counts + within-bin std
2026-02-13 14:58:48,169 -  bin      n  eta_std  std_align  std_abs_imb
   0      1      NaN        NaN          NaN
   1     14 0.000023   0.347879     0.189140
   2    115 0.000092   0.461833     0.253007
   3    693 0.000258   0.452723     0.242786
   4   3537 0.000776   0.440104     0.236777
   5  18000 0.002312   0.454905     0.244700
   6  86475 0.006933   0.464339     0.250315
   7 220989 0.020982   0.474818     0.257215
   8 210009 0.059202   0.487193     0.263918
   9  47910 0.132550   0.514077     0.278353
2026-02-13 14:58:48,169 - [bin-stats] cross (client): counts + within-bin std
2026-02-13 14:58:48,170 -  bin     n  eta_std  std_align  std_abs_imb
   0    20 0.000009   0.239673     0.135269
   1   237 0.000027   0.273053     0.159820
   2  1061 0.000085   0.268829     0.157483
   3  3096 0.000260   0.272199     0.160799
   4  9822 0.000778   0.268817     0.158481
   5 30084 0.002329   0.277386     0.163481
   6 61656 0.007023   0.285580     0.168385
   7 80767 0.021147   0.289422     0.171086
   8 61382 0.055435   0.294623     0.175264
   9  7410 0.128031   0.304710     0.181581
2026-02-13 14:58:52,528 - Done.
