2026-02-13 15:02:49,611 - [log] Writing stdout prints to: /home/danielemdn/Documents/repositories/Metaorders_PriceImpact/out_files/ftsemib/crowding_vs_part_rate/run_20260213_150249.log
2026-02-13 15:02:49,611 - [run] run_id=20260213_150249 dataset=ftsemib out_dir=/home/danielemdn/Documents/repositories/Metaorders_PriceImpact/out_files/ftsemib/crowding_vs_part_rate
2026-02-13 15:02:51,528 - [bin-stats] local (prop): counts + within-bin std
2026-02-13 15:02:51,531 -  bin     n  eta_std  std_align  std_abs_imb
   0 29417 0.003841   0.271652     0.161093
   1 29417 0.002491   0.278158     0.165313
   2 29416 0.002289   0.279940     0.166338
   3 29417 0.002271   0.284365     0.167247
   4 29417 0.002298   0.283570     0.167349
   5 29416 0.002409   0.284853     0.168349
   6 29417 0.002511   0.287311     0.169895
   7 29417 0.002771   0.287812     0.170045
   8 29416 0.002927   0.287983     0.170208
   9 29417 0.003233   0.287608     0.169719
  10 29417 0.003615   0.291046     0.171776
  11 29416 0.004069   0.288144     0.170675
  12 29417 0.004646   0.291226     0.172489
  13 29417 0.005451   0.290647     0.171980
  14 29416 0.006623   0.291164     0.173334
  15 29417 0.008259   0.293668     0.174353
  16 29417 0.011151   0.292672     0.174807
  17 29416 0.016227   0.299168     0.178275
  18 29417 0.028983   0.300427     0.179616
  19 29417 0.126890   0.308930     0.184404
2026-02-13 15:02:51,531 - [bin-stats] local (client): counts + within-bin std
2026-02-13 15:02:51,532 -  bin     n  eta_std  std_align  std_abs_imb
   0 12769 0.001042   0.449860     0.243220
   1 12768 0.000957   0.456059     0.244541
   2 12769 0.000995   0.460971     0.247075
   3 12768 0.001088   0.464349     0.248792
   4 12769 0.001209   0.464791     0.252252
   5 12768 0.001354   0.460613     0.249113
   6 12768 0.001559   0.458530     0.250675
   7 12769 0.001792   0.462324     0.254088
   8 12768 0.002081   0.464057     0.255550
   9 12769 0.002388   0.459454     0.253723
  10 12768 0.002835   0.456234     0.254322
  11 12768 0.003338   0.448887     0.253525
  12 12769 0.003760   0.451842     0.256260
  13 12768 0.004363   0.445315     0.256570
  14 12769 0.005164   0.445233     0.256244
  15 12768 0.006155   0.437042     0.258095
  16 12768 0.007639   0.433892     0.260169
  17 12769 0.010780   0.435638     0.259977
  18 12768 0.020031   0.440573     0.262487
  19 12769 0.126037   0.453142     0.265697
2026-02-13 15:02:56,472 - [bin-stats] cross (prop): counts + within-bin std
2026-02-13 15:02:56,473 -  bin     n  eta_std  std_align  std_abs_imb
   0 29388 0.003839   0.453308     0.243622
   1 29387 0.002490   0.461727     0.247771
   2 29387 0.002288   0.465941     0.251455
   3 29387 0.002269   0.469706     0.254723
   4 29387 0.002297   0.469784     0.253759
   5 29387 0.002408   0.471334     0.256367
   6 29387 0.002509   0.474371     0.256704
   7 29387 0.002769   0.473756     0.257284
   8 29387 0.002925   0.476817     0.258102
   9 29388 0.003233   0.478700     0.259117
  10 29387 0.003614   0.478865     0.258717
  11 29387 0.004065   0.480162     0.260565
  12 29387 0.004643   0.479445     0.260453
  13 29387 0.005446   0.481388     0.262248
  14 29387 0.006619   0.486738     0.261916
  15 29387 0.008253   0.491422     0.265794
  16 29387 0.011145   0.489654     0.265199
  17 29387 0.016214   0.494973     0.267719
  18 29387 0.028950   0.500562     0.271212
  19 29388 0.126719   0.521794     0.282195
2026-02-13 15:02:56,473 - [bin-stats] cross (client): counts + within-bin std
2026-02-13 15:02:56,474 -  bin     n  eta_std  std_align  std_abs_imb
   0 12777 0.001042   0.269138     0.158866
   1 12777 0.000957   0.276114     0.162690
   2 12777 0.000995   0.276549     0.162913
   3 12776 0.001088   0.281122     0.165591
   4 12777 0.001209   0.283193     0.166431
   5 12777 0.001355   0.283602     0.166969
   6 12776 0.001560   0.284572     0.167671
   7 12777 0.001792   0.290298     0.172035
   8 12777 0.002083   0.288887     0.169884
   9 12777 0.002389   0.288712     0.171583
  10 12776 0.002835   0.288324     0.170590
  11 12777 0.003339   0.286472     0.170039
  12 12777 0.003762   0.289964     0.171822
  13 12776 0.004361   0.293918     0.173203
  14 12777 0.005165   0.290596     0.172250
  15 12777 0.006155   0.292121     0.173712
  16 12776 0.007639   0.292128     0.173562
  17 12777 0.010776   0.292458     0.174162
  18 12777 0.020035   0.298900     0.177903
  19 12777 0.126040   0.303871     0.181012
2026-02-13 15:03:01,142 - Done.
