2026-02-13 14:23:24,490 - [log] Writing stdout prints to: /home/danielemdn/Documents/repositories/Metaorders_PriceImpact/out_files/ftsemib/crowding_vs_part_rate/run_20260213_142324.log
2026-02-13 14:23:24,490 - [run] run_id=20260213_142324 dataset=ftsemib out_dir=/home/danielemdn/Documents/repositories/Metaorders_PriceImpact/out_files/ftsemib/crowding_vs_part_rate
2026-02-13 14:23:26,845 - [bin-stats] local (prop): counts + within-bin std
2026-02-13 14:23:26,846 -  bin     n  eta_std  std_align  std_abs_imb
   0 58834 0.006074   0.274950     0.163238
   1 58833 0.004540   0.282159     0.166809
   2 58833 0.004702   0.284219     0.167850
   3 58834 0.005278   0.287562     0.169969
   4 58833 0.006178   0.287794     0.169962
   5 58833 0.007644   0.289601     0.171229
   6 58834 0.010082   0.290934     0.172234
   7 58833 0.014863   0.292424     0.173845
   8 58833 0.027078   0.295936     0.176570
   9 58834 0.134662   0.304706     0.182059
2026-02-13 14:23:26,846 - [bin-stats] local (client): counts + within-bin std
2026-02-13 14:23:26,847 -  bin     n  eta_std  std_align  std_abs_imb
   0 25537 0.001989   0.452967     0.243899
   1 25537 0.002084   0.462656     0.247934
   2 25537 0.002561   0.462699     0.250687
   3 25537 0.003358   0.460427     0.252386
   4 25537 0.004466   0.461757     0.254639
   5 25536 0.006139   0.452584     0.253939
   6 25537 0.008154   0.448841     0.256412
   7 25537 0.011260   0.441413     0.257169
   8 25537 0.018188   0.434761     0.260075
   9 25537 0.120347   0.447045     0.264092
2026-02-13 14:23:33,787 - [bin-stats] cross (prop): counts + within-bin std
2026-02-13 14:23:33,789 -  bin     n  eta_std  std_align  std_abs_imb
   0 58775 0.006071   0.457540     0.245732
   1 58774 0.004536   0.467828     0.253095
   2 58774 0.004699   0.470557     0.255064
   3 58774 0.005274   0.474059     0.256993
   4 58775 0.006176   0.477761     0.258609
   5 58774 0.007639   0.479510     0.259641
   6 58774 0.010076   0.480420     0.261350
   7 58774 0.014852   0.489088     0.263865
   8 58774 0.027059   0.492322     0.266469
   9 58775 0.134477   0.511287     0.276907
2026-02-13 14:23:33,789 - [bin-stats] cross (client): counts + within-bin std
2026-02-13 14:23:33,790 -  bin     n  eta_std  std_align  std_abs_imb
   0 25554 0.001990   0.272658     0.160812
   1 25553 0.002085   0.278841     0.164265
   2 25554 0.002562   0.283398     0.166697
   3 25553 0.003359   0.287444     0.169875
   4 25554 0.004469   0.288795     0.170733
   5 25553 0.006142   0.287414     0.170315
   6 25553 0.008156   0.291960     0.172523
   7 25554 0.011262   0.291385     0.172982
   8 25553 0.018182   0.292311     0.173860
   9 25554 0.120346   0.301391     0.179473
2026-02-13 14:23:39,104 - Done.
