2026-02-16 10:04:19,627 - [log] Writing stdout prints to: /home/danielemdn/Documents/repositories/Metaorders_PriceImpact/out_files/ftsemib/crowding_vs_part_rate/run_20260216_100419.log
2026-02-16 10:04:19,627 - [run] run_id=20260216_100419 dataset=ftsemib out_dir=/home/danielemdn/Documents/repositories/Metaorders_PriceImpact/out_files/ftsemib/crowding_vs_part_rate
2026-02-16 10:04:36,920 - [bin-stats] local (prop): counts + within-bin std
2026-02-16 10:04:36,921 -  bin     n  eta_std  std_align  std_abs_imb
   0 30719 0.003950   0.271854     0.161186
   1 48174 0.003905   0.279114     0.166011
   2 56250 0.004336   0.282551     0.166468
   3 60614 0.004993   0.286367     0.169349
   4 62844 0.005951   0.287172     0.169594
   5 63511 0.007281   0.289377     0.170901
   6 63716 0.009466   0.290046     0.171723
   7 63917 0.013697   0.291054     0.172909
   8 66724 0.025095   0.294561     0.175453
   9 71865 0.136119   0.303780     0.181380
2026-02-16 10:04:36,922 - [bin-stats] local (client): counts + within-bin std
2026-02-16 10:04:36,922 -  bin     n  eta_std  std_align  std_abs_imb
   0 53652 0.004225   0.458381     0.246302
   1 36196 0.003922   0.460843     0.250521
   2 28120 0.004340   0.463378     0.255043
   3 23756 0.005014   0.456693     0.253777
   4 21527 0.005921   0.450582     0.255130
   5 20859 0.007262   0.446574     0.256161
   6 20654 0.009460   0.439786     0.257688
   7 20453 0.013607   0.435347     0.259683
   8 17646 0.024802   0.437591     0.262044
   9 12506 0.126168   0.453710     0.265677
2026-02-16 10:04:58,179 - [bin-stats] cross (prop): counts + within-bin std
2026-02-16 10:04:58,180 -  bin     n  eta_std  std_align  std_abs_imb
   0 30692 0.003948   0.453463     0.243416
   1 48121 0.003902   0.463125     0.249424
   2 56208 0.004334   0.469192     0.253679
   3 60548 0.004990   0.472385     0.256281
   4 62788 0.005949   0.475091     0.257540
   5 63450 0.007278   0.478211     0.258760
   6 63652 0.009459   0.479798     0.260441
   7 63837 0.013682   0.485170     0.262608
   8 66656 0.025076   0.491096     0.265891
   9 71791 0.135937   0.508977     0.275473
2026-02-16 10:04:58,180 - [bin-stats] cross (client): counts + within-bin std
2026-02-16 10:04:58,181 -  bin     n  eta_std  std_align  std_abs_imb
   0 53636 0.004223   0.276314     0.162819
   1 36207 0.003920   0.283751     0.167102
   2 28120 0.004335   0.289591     0.171231
   3 23779 0.005014   0.287768     0.170374
   4 21540 0.005918   0.287945     0.170527
   5 20878 0.007257   0.292629     0.173170
   6 20675 0.009456   0.292228     0.173392
   7 20491 0.013603   0.291493     0.173492
   8 17672 0.024784   0.298260     0.177367
   9 12537 0.126160   0.303763     0.180945
2026-02-16 10:05:03,103 - Done.
