2026-02-17 08:34:33,717 | INFO | Starting metaorder clustering run.
2026-02-17 08:34:33,717 | INFO | Arguments: {'config_path': 'config_ymls/metaorder_computation.yml', 'dataset_name': 'ftsemib', 'level': None, 'group': 'both', 'out_root': None, 'img_root': None, 'prop_path': None, 'client_path': None, 'out_dir': None, 'img_dir': None, 'features': None, 'pca_variance_threshold': 0.75, 'pc_feature_contrib_threshold': 0.5, 'k_min': 2, 'k_max': 20, 'k_list': '[3,4,5,6]', 'silhouette_sample_size': 20000, 'n_init': 50, 'seed': 0, 'scaler': 'standard', 'clip_quantiles': None, 'plots': 'plotly', 'n_feature_triplets': 4, 'feature_triplet_sample_size': 50000, 'run_tsne': True, 'tsne_top_features': 10, 'tsne_sample_size': 30000, 'tsne_perplexity': 30.0, 'tsne_max_iter': 1000, 'dry_run': False, 'load': False, 'log_file': None}
2026-02-17 08:34:33,717 | INFO | Resolved paths: {'dataset_name': 'ftsemib', 'level': 'member', 'out_root': 'out_files', 'img_root': 'images', 'prop_path': 'out_files/ftsemib/metaorders_info_sameday_filtered_member_proprietary.parquet', 'client_path': 'out_files/ftsemib/metaorders_info_sameday_filtered_member_non_proprietary.parquet', 'out_dir': 'out_files/ftsemib/kmeans_pca_clustering_member_both', 'img_dir': 'images/ftsemib/kmeans_pca_clustering_member_both'}
2026-02-17 08:34:33,717 | INFO | Effective output directory: out_files/ftsemib/kmeans_pca_clustering_member_both
2026-02-17 08:34:33,718 | INFO | Effective image directory: images/ftsemib/kmeans_pca_clustering_member_both
2026-02-17 08:34:37,017 | INFO | Loaded metaorders rows: 843869
2026-02-17 08:34:37,037 | INFO | Rows by group: {'proprietary': 588334, 'client': 255535}
2026-02-17 08:34:38,922 | INFO | Engineered features added: DurationSeconds and 6 absolute impact columns.
2026-02-17 08:34:38,922 | INFO | Candidate feature columns (13): ['Q', 'Q/V', 'Participation Rate', 'Vt/V', 'N Child', 'Daily Vol', 'DurationSeconds', 'AbsImpact', 'AbsImpact_1m', 'AbsImpact_3m', 'AbsImpact_10m', 'AbsImpact_30m', 'AbsImpact_60m']
2026-02-17 08:34:41,153 | INFO | Rows after preprocessing: 843869
2026-02-17 08:34:41,201 | INFO | Applied scaler: standard
2026-02-17 08:34:41,640 | INFO | Retained 6 PCs at variance threshold 0.7500 (cum=0.8034).
2026-02-17 08:34:41,642 | INFO | Selected 11 original features for clustering (per-PC contribution threshold 0.5000).
2026-02-17 08:34:41,643 | INFO | Selected features: ['Participation Rate', 'Q/V', 'Vt/V', 'Q', 'Daily Vol', 'DurationSeconds', 'AbsImpact_1m', 'AbsImpact', 'AbsImpact_60m', 'AbsImpact_3m', 'N Child']
2026-02-17 08:34:41,643 | INFO | PC1 (EVR=0.3013) selected features: ['AbsImpact_1m', 'Vt/V', 'AbsImpact', 'AbsImpact_3m']
2026-02-17 08:34:41,643 | INFO | PC2 (EVR=0.1595) selected features: ['Q/V', 'Q', 'Daily Vol', 'N Child']
2026-02-17 08:34:41,644 | INFO | PC3 (EVR=0.1254) selected features: ['Participation Rate', 'DurationSeconds']
2026-02-17 08:34:41,644 | INFO | PC4 (EVR=0.0847) selected features: ['AbsImpact_60m', 'AbsImpact_1m', 'N Child', 'AbsImpact']
2026-02-17 08:34:41,645 | INFO | PC5 (EVR=0.0787) selected features: ['Daily Vol', 'N Child']
2026-02-17 08:34:41,646 | INFO | PC6 (EVR=0.0538) selected features: ['Q']
2026-02-17 08:34:41,660 | INFO | Clustering matrix shape: (843869, 11)
2026-02-17 08:34:41,661 | INFO | Selected transformed columns: ['__x_Participation Rate', '__x_Q/V', '__x_Vt/V', '__x_Q', '__x_Daily Vol', '__x_DurationSeconds', '__x_AbsImpact_1m', '__x_AbsImpact', '__x_AbsImpact_60m', '__x_AbsImpact_3m', '__x_N Child']
2026-02-17 08:45:17,516 | INFO | Silhouette scores by k: [{'k': 2, 'silhouette': 0.18593387043219006, 'inertia': 7405973.653338413}, {'k': 3, 'silhouette': 0.13932164165539626, 'inertia': 6716269.634866495}, {'k': 4, 'silhouette': 0.13445729128612066, 'inertia': 6161780.611828196}, {'k': 5, 'silhouette': 0.12027420352567883, 'inertia': 5755125.411040116}, {'k': 6, 'silhouette': 0.12131310019234827, 'inertia': 5509543.325769239}, {'k': 7, 'silhouette': 0.10709775632142511, 'inertia': 5290224.346986581}, {'k': 8, 'silhouette': 0.10869887785477725, 'inertia': 5090054.924735929}, {'k': 9, 'silhouette': 0.11324738682348741, 'inertia': 4929032.262767276}, {'k': 10, 'silhouette': 0.10651651514507371, 'inertia': 4779126.245871981}, {'k': 11, 'silhouette': 0.10111558191120351, 'inertia': 4649584.693264117}, {'k': 12, 'silhouette': 0.10543793388356844, 'inertia': 4525746.904538413}, {'k': 13, 'silhouette': 0.1066724632944876, 'inertia': 4407974.657899281}, {'k': 14, 'silhouette': 0.1051469298404657, 'inertia': 4313400.5247111125}, {'k': 15, 'silhouette': 0.10498093900408159, 'inertia': 4224838.787043438}, {'k': 16, 'silhouette': 0.10130024130218666, 'inertia': 4147098.7667724695}, {'k': 17, 'silhouette': 0.10051269820767095, 'inertia': 4078823.9188234066}, {'k': 18, 'silhouette': 0.10379454217443122, 'inertia': 4012863.2953353785}, {'k': 19, 'silhouette': 0.10208999117175352, 'inertia': 3955083.708421273}, {'k': 20, 'silhouette': 0.09877906664867803, 'inertia': 3897734.9289743695}]
2026-02-17 08:45:17,536 | INFO | Selected k (silhouette argmax): 2
2026-02-17 08:45:17,537 | INFO | Generating explicit-k scenarios in compute mode: [3, 4, 5, 6]
2026-02-17 08:46:03,301 | INFO | Feature-space triplet plots generated using ranked features: ['Participation Rate', 'Q/V', 'Vt/V', 'Q', 'Daily Vol', 'DurationSeconds', 'AbsImpact_1m', 'AbsImpact', 'AbsImpact_60m', 'AbsImpact_3m', 'N Child']
2026-02-17 08:48:52,775 | INFO | t-SNE plots (2D+3D) generated with features=['Participation Rate', 'Q/V', 'Vt/V', 'Q', 'Daily Vol', 'DurationSeconds', 'AbsImpact_1m', 'AbsImpact', 'AbsImpact_60m', 'AbsImpact_3m'], used_rows=30000, valid_rows=843869, perplexity=30.000, max_iter=1000, n_components=3
2026-02-17 08:48:52,775 | INFO | Scenario k=3 completed in compute mode. out_dir=out_files/ftsemib/kmeans_pca_clustering_member_both/k_scenarios/k_03 | img_dir=images/ftsemib/kmeans_pca_clustering_member_both/k_scenarios/k_03
2026-02-17 08:49:23,833 | INFO | Feature-space triplet plots generated using ranked features: ['Participation Rate', 'Q/V', 'Vt/V', 'Q', 'Daily Vol', 'DurationSeconds', 'AbsImpact_1m', 'AbsImpact', 'AbsImpact_60m', 'AbsImpact_3m', 'N Child']
2026-02-17 08:52:03,712 | INFO | t-SNE plots (2D+3D) generated with features=['Participation Rate', 'Q/V', 'Vt/V', 'Q', 'Daily Vol', 'DurationSeconds', 'AbsImpact_1m', 'AbsImpact', 'AbsImpact_60m', 'AbsImpact_3m'], used_rows=30000, valid_rows=843869, perplexity=30.000, max_iter=1000, n_components=3
2026-02-17 08:52:03,712 | INFO | Scenario k=4 completed in compute mode. out_dir=out_files/ftsemib/kmeans_pca_clustering_member_both/k_scenarios/k_04 | img_dir=images/ftsemib/kmeans_pca_clustering_member_both/k_scenarios/k_04
2026-02-17 08:52:30,010 | INFO | Feature-space triplet plots generated using ranked features: ['Participation Rate', 'Q/V', 'Vt/V', 'Q', 'Daily Vol', 'DurationSeconds', 'AbsImpact_1m', 'AbsImpact', 'AbsImpact_60m', 'AbsImpact_3m', 'N Child']
2026-02-17 08:55:08,266 | INFO | t-SNE plots (2D+3D) generated with features=['Participation Rate', 'Q/V', 'Vt/V', 'Q', 'Daily Vol', 'DurationSeconds', 'AbsImpact_1m', 'AbsImpact', 'AbsImpact_60m', 'AbsImpact_3m'], used_rows=30000, valid_rows=843869, perplexity=30.000, max_iter=1000, n_components=3
2026-02-17 08:55:08,266 | INFO | Scenario k=5 completed in compute mode. out_dir=out_files/ftsemib/kmeans_pca_clustering_member_both/k_scenarios/k_05 | img_dir=images/ftsemib/kmeans_pca_clustering_member_both/k_scenarios/k_05
2026-02-17 08:55:41,841 | INFO | Feature-space triplet plots generated using ranked features: ['Participation Rate', 'Q/V', 'Vt/V', 'Q', 'Daily Vol', 'DurationSeconds', 'AbsImpact_1m', 'AbsImpact', 'AbsImpact_60m', 'AbsImpact_3m', 'N Child']
2026-02-17 08:58:21,882 | INFO | t-SNE plots (2D+3D) generated with features=['Participation Rate', 'Q/V', 'Vt/V', 'Q', 'Daily Vol', 'DurationSeconds', 'AbsImpact_1m', 'AbsImpact', 'AbsImpact_60m', 'AbsImpact_3m'], used_rows=30000, valid_rows=843869, perplexity=30.000, max_iter=1000, n_components=3
2026-02-17 08:58:21,882 | INFO | Scenario k=6 completed in compute mode. out_dir=out_files/ftsemib/kmeans_pca_clustering_member_both/k_scenarios/k_06 | img_dir=images/ftsemib/kmeans_pca_clustering_member_both/k_scenarios/k_06
2026-02-17 08:58:35,904 | INFO | Feature-space triplet plots generated using ranked features: ['Participation Rate', 'Q/V', 'Vt/V', 'Q', 'Daily Vol', 'DurationSeconds', 'AbsImpact_1m', 'AbsImpact', 'AbsImpact_60m', 'AbsImpact_3m', 'N Child']
2026-02-17 09:01:17,871 | INFO | t-SNE plots (2D+3D) generated with features=['Participation Rate', 'Q/V', 'Vt/V', 'Q', 'Daily Vol', 'DurationSeconds', 'AbsImpact_1m', 'AbsImpact', 'AbsImpact_60m', 'AbsImpact_3m'], used_rows=30000, valid_rows=843869, perplexity=30.000, max_iter=1000, n_components=3
2026-02-17 09:01:17,871 | INFO | Plots written to image directory.
2026-02-17 09:01:17,871 | INFO | Clustering completed.
2026-02-17 09:01:17,871 | INFO | Rows loaded: 843869
2026-02-17 09:01:17,871 | INFO | Rows after preprocessing: 843869
2026-02-17 09:01:17,871 | INFO | Candidate feature columns (13): ['Q', 'Q/V', 'Participation Rate', 'Vt/V', 'N Child', 'Daily Vol', 'DurationSeconds', 'AbsImpact', 'AbsImpact_1m', 'AbsImpact_3m', 'AbsImpact_10m', 'AbsImpact_30m', 'AbsImpact_60m']
2026-02-17 09:01:17,871 | INFO | Clustering feature columns (11): ['Participation Rate', 'Q/V', 'Vt/V', 'Q', 'Daily Vol', 'DurationSeconds', 'AbsImpact_1m', 'AbsImpact', 'AbsImpact_60m', 'AbsImpact_3m', 'N Child']
2026-02-17 09:01:17,871 | INFO | PCA components selected: 6
2026-02-17 09:01:17,871 | INFO | Selected k (silhouette argmax): 2
2026-02-17 09:01:17,872 | INFO | Clustered parquet: out_files/ftsemib/kmeans_pca_clustering_member_both/clustered_metaorders.parquet
2026-02-17 09:01:17,872 | INFO | Silhouette curve CSV: out_files/ftsemib/kmeans_pca_clustering_member_both/silhouette_scores.csv
2026-02-17 09:01:17,872 | INFO | Cluster summary CSV: out_files/ftsemib/kmeans_pca_clustering_member_both/cluster_summary.csv
2026-02-17 09:01:17,872 | INFO | PCA report JSON: out_files/ftsemib/kmeans_pca_clustering_member_both/pca_report.json
2026-02-17 09:01:17,872 | INFO | PCA scores parquet: out_files/ftsemib/kmeans_pca_clustering_member_both/pca_scores.parquet
2026-02-17 09:01:17,872 | INFO | Feature selection summary CSV: out_files/ftsemib/kmeans_pca_clustering_member_both/pca_feature_selection_summary.csv
2026-02-17 09:01:17,872 | INFO | Feature selection per-PC CSV: out_files/ftsemib/kmeans_pca_clustering_member_both/pca_feature_selection_per_pc.csv
2026-02-17 09:01:17,872 | INFO | Feature-triplet plots requested: 4 (sample_size=50000)
2026-02-17 09:01:17,872 | INFO | t-SNE requested: True (top_features=10, sample_size=30000, perplexity=30.000, max_iter=1000)
2026-02-17 09:01:17,872 | INFO | Explicit k-list requested: [3, 4, 5, 6]
2026-02-17 09:01:17,872 | INFO | Image directory: images/ftsemib/kmeans_pca_clustering_member_both
2026-02-17 09:01:17,872 | INFO | Run log written to: out_files/ftsemib/kmeans_pca_clustering_member_both/run_20260217_083433.log
