This is pdfTeX, Version 3.141592653-2.6-1.40.25 (TeX Live 2023/Debian) (preloaded format=pdflatex 2026.2.26)  19 MAY 2026 08:53
entering extended mode
 restricted \write18 enabled.
 file:line:error style messages enabled.
 %&-line parsing enabled.
**/home/danielemdn/Documents/repositories/Metaorders_PriceImpact/paper/main.tex
(/home/danielemdn/Documents/repositories/Metaorders_PriceImpact/paper/main.tex
LaTeX2e <2023-11-01> patch level 1
L3 programming layer <2024-01-22>
(/usr/share/texlive/texmf-dist/tex/latex/base/article.cls
Document Class: article 2023/05/17 v1.4n Standard LaTeX document class
(/usr/share/texlive/texmf-dist/tex/latex/base/size11.clo
File: size11.clo 2023/05/17 v1.4n Standard LaTeX file (size option)
)
\c@part=\count187
\c@section=\count188
\c@subsection=\count189
\c@subsubsection=\count190
\c@paragraph=\count191
\c@subparagraph=\count192
\c@figure=\count193
\c@table=\count194
\abovecaptionskip=\skip48
\belowcaptionskip=\skip49
\bibindent=\dimen140
) (/usr/share/texlive/texmf-dist/tex/latex/base/inputenc.sty
Package: inputenc 2021/02/14 v1.3d Input encoding file
\inpenc@prehook=\toks17
\inpenc@posthook=\toks18
) (/usr/share/texlive/texmf-dist/tex/latex/amsmath/amsmath.sty
Package: amsmath 2023/05/13 v2.17o AMS math features
\@mathmargin=\skip50

For additional information on amsmath, use the `?' option.
(/usr/share/texlive/texmf-dist/tex/latex/amsmath/amstext.sty
Package: amstext 2021/08/26 v2.01 AMS text
 (/usr/share/texlive/texmf-dist/tex/latex/amsmath/amsgen.sty
File: amsgen.sty 1999/11/30 v2.0 generic functions
\@emptytoks=\toks19
\ex@=\dimen141
)) (/usr/share/texlive/texmf-dist/tex/latex/amsmath/amsbsy.sty
Package: amsbsy 1999/11/29 v1.2d Bold Symbols
\pmbraise@=\dimen142
) (/usr/share/texlive/texmf-dist/tex/latex/amsmath/amsopn.sty
Package: amsopn 2022/04/08 v2.04 operator names
)
\inf@bad=\count195
LaTeX Info: Redefining \frac on input line 234.
\uproot@=\count196
\leftroot@=\count197
LaTeX Info: Redefining \overline on input line 399.
LaTeX Info: Redefining \colon on input line 410.
\classnum@=\count198
\DOTSCASE@=\count199
LaTeX Info: Redefining \ldots on input line 496.
LaTeX Info: Redefining \dots on input line 499.
LaTeX Info: Redefining \cdots on input line 620.
\Mathstrutbox@=\box51
\strutbox@=\box52
LaTeX Info: Redefining \big on input line 722.
LaTeX Info: Redefining \Big on input line 723.
LaTeX Info: Redefining \bigg on input line 724.
LaTeX Info: Redefining \Bigg on input line 725.
\big@size=\dimen143
LaTeX Font Info:    Redeclaring font encoding OML on input line 743.
LaTeX Font Info:    Redeclaring font encoding OMS on input line 744.
\macc@depth=\count266
LaTeX Info: Redefining \bmod on input line 905.
LaTeX Info: Redefining \pmod on input line 910.
LaTeX Info: Redefining \smash on input line 940.
LaTeX Info: Redefining \relbar on input line 970.
LaTeX Info: Redefining \Relbar on input line 971.
\c@MaxMatrixCols=\count267
\dotsspace@=\muskip16
\c@parentequation=\count268
\dspbrk@lvl=\count269
\tag@help=\toks20
\row@=\count270
\column@=\count271
\maxfields@=\count272
\andhelp@=\toks21
\eqnshift@=\dimen144
\alignsep@=\dimen145
\tagshift@=\dimen146
\tagwidth@=\dimen147
\totwidth@=\dimen148
\lineht@=\dimen149
\@envbody=\toks22
\multlinegap=\skip51
\multlinetaggap=\skip52
\mathdisplay@stack=\toks23
LaTeX Info: Redefining \[ on input line 2953.
LaTeX Info: Redefining \] on input line 2954.
) (/usr/share/texlive/texmf-dist/tex/latex/amsfonts/amssymb.sty
Package: amssymb 2013/01/14 v3.01 AMS font symbols
 (/usr/share/texlive/texmf-dist/tex/latex/amsfonts/amsfonts.sty
Package: amsfonts 2013/01/14 v3.01 Basic AMSFonts support
\symAMSa=\mathgroup4
\symAMSb=\mathgroup5
LaTeX Font Info:    Redeclaring math symbol \hbar on input line 98.
LaTeX Font Info:    Overwriting math alphabet `\mathfrak' in version `bold'
(Font)                  U/euf/m/n --> U/euf/b/n on input line 106.
)) (/usr/share/texlive/texmf-dist/tex/latex/graphics/graphicx.sty
Package: graphicx 2021/09/16 v1.2d Enhanced LaTeX Graphics (DPC,SPQR)
 (/usr/share/texlive/texmf-dist/tex/latex/graphics/keyval.sty
Package: keyval 2022/05/29 v1.15 key=value parser (DPC)
\KV@toks@=\toks24
) (/usr/share/texlive/texmf-dist/tex/latex/graphics/graphics.sty
Package: graphics 2022/03/10 v1.4e Standard LaTeX Graphics (DPC,SPQR)
 (/usr/share/texlive/texmf-dist/tex/latex/graphics/trig.sty
Package: trig 2021/08/11 v1.11 sin cos tan (DPC)
) (/usr/share/texlive/texmf-dist/tex/latex/graphics-cfg/graphics.cfg
File: graphics.cfg 2016/06/04 v1.11 sample graphics configuration
)
Package graphics Info: Driver file: pdftex.def on input line 107.
 (/usr/share/texlive/texmf-dist/tex/latex/graphics-def/pdftex.def
File: pdftex.def 2022/09/22 v1.2b Graphics/color driver for pdftex
))
\Gin@req@height=\dimen150
\Gin@req@width=\dimen151
) (/usr/share/texlive/texmf-dist/tex/latex/booktabs/booktabs.sty
Package: booktabs 2020/01/12 v1.61803398 Publication quality tables
\heavyrulewidth=\dimen152
\lightrulewidth=\dimen153
\cmidrulewidth=\dimen154
\belowrulesep=\dimen155
\belowbottomsep=\dimen156
\aboverulesep=\dimen157
\abovetopsep=\dimen158
\cmidrulesep=\dimen159
\cmidrulekern=\dimen160
\defaultaddspace=\dimen161
\@cmidla=\count273
\@cmidlb=\count274
\@aboverulesep=\dimen162
\@belowrulesep=\dimen163
\@thisruleclass=\count275
\@lastruleclass=\count276
\@thisrulewidth=\dimen164
) (/usr/share/texlive/texmf-dist/tex/latex/siunitx/siunitx.sty
Package: siunitx 2024-01-25 v3.3.10 A comprehensive (SI) units package
\l__siunitx_number_uncert_offset_int=\count277
\l__siunitx_number_exponent_fixed_int=\count278
\l__siunitx_number_min_decimal_int=\count279
\l__siunitx_number_min_integer_int=\count280
\l__siunitx_number_round_precision_int=\count281
\l__siunitx_number_lower_threshold_int=\count282
\l__siunitx_number_upper_threshold_int=\count283
\l__siunitx_number_group_first_int=\count284
\l__siunitx_number_group_size_int=\count285
\l__siunitx_number_group_minimum_int=\count286
\l__siunitx_angle_tmp_dim=\dimen165
\l__siunitx_angle_marker_box=\box53
\l__siunitx_angle_unit_box=\box54
\l__siunitx_compound_count_int=\count287
 (/usr/share/texlive/texmf-dist/tex/latex/translations/translations.sty
Package: translations 2022/02/05 v1.12 internationalization of LaTeX2e packages (CN)
 (/usr/share/texlive/texmf-dist/tex/latex/etoolbox/etoolbox.sty
Package: etoolbox 2020/10/05 v2.5k e-TeX tools for LaTeX (JAW)
\etb@tempcnta=\count288
) (/usr/share/texlive/texmf-dist/tex/generic/pdftexcmds/pdftexcmds.sty
Package: pdftexcmds 2020-06-27 v0.33 Utility functions of pdfTeX for LuaTeX (HO)
 (/usr/share/texlive/texmf-dist/tex/generic/infwarerr/infwarerr.sty
Package: infwarerr 2019/12/03 v1.5 Providing info/warning/error messages (HO)
) (/usr/share/texlive/texmf-dist/tex/generic/iftex/iftex.sty
Package: iftex 2022/02/03 v1.0f TeX engine tests
) (/usr/share/texlive/texmf-dist/tex/generic/ltxcmds/ltxcmds.sty
Package: ltxcmds 2023-12-04 v1.26 LaTeX kernel commands for general use (HO)
)
Package pdftexcmds Info: \pdf@primitive is available.
Package pdftexcmds Info: \pdf@ifprimitive is available.
Package pdftexcmds Info: \pdfdraftmode found.
))
\l__siunitx_table_tmp_box=\box55
\l__siunitx_table_tmp_dim=\dimen166
\l__siunitx_table_column_width_dim=\dimen167
\l__siunitx_table_integer_box=\box56
\l__siunitx_table_decimal_box=\box57
\l__siunitx_table_uncert_box=\box58
\l__siunitx_table_before_box=\box59
\l__siunitx_table_after_box=\box60
\l__siunitx_table_before_dim=\dimen168
\l__siunitx_table_carry_dim=\dimen169
\l__siunitx_unit_tmp_int=\count289
\l__siunitx_unit_position_int=\count290
\l__siunitx_unit_total_int=\count291
 (/usr/share/texlive/texmf-dist/tex/latex/tools/array.sty
Package: array 2023/10/16 v2.5g Tabular extension package (FMi)
\col@sep=\dimen170
\ar@mcellbox=\box61
\extrarowheight=\dimen171
\NC@list=\toks25
\extratabsurround=\skip53
\backup@length=\skip54
\ar@cellbox=\box62
)) (/usr/share/texlive/texmf-dist/tex/latex/hyperref/hyperref.sty
Package: hyperref 2024-01-20 v7.01h Hypertext links for LaTeX
 (/usr/share/texlive/texmf-dist/tex/latex/kvsetkeys/kvsetkeys.sty
Package: kvsetkeys 2022-10-05 v1.19 Key value parser (HO)
) (/usr/share/texlive/texmf-dist/tex/generic/kvdefinekeys/kvdefinekeys.sty
Package: kvdefinekeys 2019-12-19 v1.6 Define keys (HO)
) (/usr/share/texlive/texmf-dist/tex/generic/pdfescape/pdfescape.sty
Package: pdfescape 2019/12/09 v1.15 Implements pdfTeX's escape features (HO)
) (/usr/share/texlive/texmf-dist/tex/latex/hycolor/hycolor.sty
Package: hycolor 2020-01-27 v1.10 Color options for hyperref/bookmark (HO)
) (/usr/share/texlive/texmf-dist/tex/latex/auxhook/auxhook.sty
Package: auxhook 2019-12-17 v1.6 Hooks for auxiliary files (HO)
) (/usr/share/texlive/texmf-dist/tex/latex/hyperref/nameref.sty
Package: nameref 2023-11-26 v2.56 Cross-referencing by name of section
 (/usr/share/texlive/texmf-dist/tex/latex/refcount/refcount.sty
Package: refcount 2019/12/15 v3.6 Data extraction from label references (HO)
) (/usr/share/texlive/texmf-dist/tex/generic/gettitlestring/gettitlestring.sty
Package: gettitlestring 2019/12/15 v1.6 Cleanup title references (HO)
 (/usr/share/texlive/texmf-dist/tex/latex/kvoptions/kvoptions.sty
Package: kvoptions 2022-06-15 v3.15 Key value format for package options (HO)
))
\c@section@level=\count292
)
\@linkdim=\dimen172
\Hy@linkcounter=\count293
\Hy@pagecounter=\count294
 (/usr/share/texlive/texmf-dist/tex/latex/hyperref/pd1enc.def
File: pd1enc.def 2024-01-20 v7.01h Hyperref: PDFDocEncoding definition (HO)
Now handling font encoding PD1 ...
... no UTF-8 mapping file for font encoding PD1
) (/usr/share/texlive/texmf-dist/tex/generic/intcalc/intcalc.sty
Package: intcalc 2019/12/15 v1.3 Expandable calculations with integers (HO)
)
\Hy@SavedSpaceFactor=\count295
 (/usr/share/texlive/texmf-dist/tex/latex/hyperref/puenc.def
File: puenc.def 2024-01-20 v7.01h Hyperref: PDF Unicode definition (HO)
Now handling font encoding PU ...
... no UTF-8 mapping file for font encoding PU
)
Package hyperref Info: Hyper figures OFF on input line 4179.
Package hyperref Info: Link nesting OFF on input line 4184.
Package hyperref Info: Hyper index ON on input line 4187.
Package hyperref Info: Plain pages OFF on input line 4194.
Package hyperref Info: Backreferencing OFF on input line 4199.
Package hyperref Info: Implicit mode ON; LaTeX internals redefined.
Package hyperref Info: Bookmarks ON on input line 4446.
\c@Hy@tempcnt=\count296
 (/usr/share/texlive/texmf-dist/tex/latex/url/url.sty
\Urlmuskip=\muskip17
Package: url 2013/09/16  ver 3.4  Verb mode for urls, etc.
)
LaTeX Info: Redefining \url on input line 4784.
\XeTeXLinkMargin=\dimen173
 (/usr/share/texlive/texmf-dist/tex/generic/bitset/bitset.sty
Package: bitset 2019/12/09 v1.3 Handle bit-vector datatype (HO)
 (/usr/share/texlive/texmf-dist/tex/generic/bigintcalc/bigintcalc.sty
Package: bigintcalc 2019/12/15 v1.5 Expandable calculations on big integers (HO)
))
\Fld@menulength=\count297
\Field@Width=\dimen174
\Fld@charsize=\dimen175
Package hyperref Info: Hyper figures OFF on input line 6063.
Package hyperref Info: Link nesting OFF on input line 6068.
Package hyperref Info: Hyper index ON on input line 6071.
Package hyperref Info: backreferencing OFF on input line 6078.
Package hyperref Info: Link coloring OFF on input line 6083.
Package hyperref Info: Link coloring with OCG OFF on input line 6088.
Package hyperref Info: PDF/A mode OFF on input line 6093.
 (/usr/share/texlive/texmf-dist/tex/latex/base/atbegshi-ltx.sty
Package: atbegshi-ltx 2021/01/10 v1.0c Emulation of the original atbegshi
package with kernel methods
)
\Hy@abspage=\count298
\c@Item=\count299
\c@Hfootnote=\count300
)
Package hyperref Info: Driver (autodetected): hpdftex.
 (/usr/share/texlive/texmf-dist/tex/latex/hyperref/hpdftex.def
File: hpdftex.def 2024-01-20 v7.01h Hyperref driver for pdfTeX
 (/usr/share/texlive/texmf-dist/tex/latex/base/atveryend-ltx.sty
Package: atveryend-ltx 2020/08/19 v1.0a Emulation of the original atveryend package
with kernel methods
)
\Fld@listcount=\count301
\c@bookmark@seq@number=\count302
 (/usr/share/texlive/texmf-dist/tex/latex/rerunfilecheck/rerunfilecheck.sty
Package: rerunfilecheck 2022-07-10 v1.10 Rerun checks for auxiliary files (HO)
 (/usr/share/texlive/texmf-dist/tex/generic/uniquecounter/uniquecounter.sty
Package: uniquecounter 2019/12/15 v1.4 Provide unlimited unique counter (HO)
)
Package uniquecounter Info: New unique counter `rerunfilecheck' on input line 285.
)
\Hy@SectionHShift=\skip55
) (/usr/share/texlive/texmf-dist/tex/latex/caption/subcaption.sty
Package: subcaption 2023/07/28 v1.6b Sub-captions (AR)
 (/usr/share/texlive/texmf-dist/tex/latex/caption/caption.sty
Package: caption 2023/08/05 v3.6o Customizing captions (AR)
 (/usr/share/texlive/texmf-dist/tex/latex/caption/caption3.sty
Package: caption3 2023/07/31 v2.4d caption3 kernel (AR)
\caption@tempdima=\dimen176
\captionmargin=\dimen177
\caption@leftmargin=\dimen178
\caption@rightmargin=\dimen179
\caption@width=\dimen180
\caption@indent=\dimen181
\caption@parindent=\dimen182
\caption@hangindent=\dimen183
Package caption Info: Standard document class detected.
)
\c@caption@flags=\count303
\c@continuedfloat=\count304
Package caption Info: hyperref package is loaded.
)
Package caption Info: New subtype `subfigure' on input line 238.
\c@subfigure=\count305
Package caption Info: New subtype `subtable' on input line 238.
\c@subtable=\count306
) (/usr/share/texlive/texmf-dist/tex/latex/geometry/geometry.sty
Package: geometry 2020/01/02 v5.9 Page Geometry
 (/usr/share/texlive/texmf-dist/tex/generic/iftex/ifvtex.sty
Package: ifvtex 2019/10/25 v1.7 ifvtex legacy package. Use iftex instead.
)
\Gm@cnth=\count307
\Gm@cntv=\count308
\c@Gm@tempcnt=\count309
\Gm@bindingoffset=\dimen184
\Gm@wd@mp=\dimen185
\Gm@odd@mp=\dimen186
\Gm@even@mp=\dimen187
\Gm@layoutwidth=\dimen188
\Gm@layoutheight=\dimen189
\Gm@layouthoffset=\dimen190
\Gm@layoutvoffset=\dimen191
\Gm@dimlist=\toks26
) (/usr/share/texlive/texmf-dist/tex/latex/placeins/placeins.sty
Package: placeins 2005/04/18  v 2.2
) (/usr/share/texlive/texmf-dist/tex/latex/changepage/changepage.sty
Package: changepage 2009/10/20 v1.0c check page and change page layout
\c@cp@cntr=\count310
\cp@tempcnt=\count311
) (/usr/share/texlive/texmf-dist/tex/generic/ulem/ulem.sty
\UL@box=\box63
\UL@hyphenbox=\box64
\UL@skip=\skip56
\UL@hook=\toks27
\UL@height=\dimen192
\UL@pe=\count312
\UL@pixel=\dimen193
\ULC@box=\box65
Package: ulem 2019/11/18
\ULdepth=\dimen194
) (/usr/share/texlive/texmf-dist/tex/latex/preprint/authblk.sty
Package: authblk 2001/02/27 1.3 (PWD)
\affilsep=\skip57
\@affilsep=\skip58
\c@Maxaffil=\count313
\c@authors=\count314
\c@affil=\count315
)
Package translations Info: No language package found. I am going to use `english' as default language. on input line 30.
 (/usr/share/texlive/texmf-dist/tex/latex/graphics/color.sty
Package: color 2022/01/06 v1.3d Standard LaTeX Color (DPC)
 (/usr/share/texlive/texmf-dist/tex/latex/graphics-cfg/color.cfg
File: color.cfg 2016/01/02 v1.6 sample color configuration
)
Package color Info: Driver file: pdftex.def on input line 149.
 (/usr/share/texlive/texmf-dist/tex/latex/graphics/mathcolor.ltx)) (/usr/share/texlive/texmf-dist/tex/latex/l3backend/l3backend-pdftex.def
File: l3backend-pdftex.def 2024-01-04 L3 backend support: PDF output (pdfTeX)
\l__color_backend_stack_int=\count316
\l__pdf_internal_box=\box66
) (./main.aux

LaTeX Warning: Label `fig:members_isins' multiply defined.


LaTeX Warning: Label `sub@fig:members_isins' multiply defined.


LaTeX Warning: Label `fig:member_statistics_combined' multiply defined.

)
\openout1 = `main.aux'.

LaTeX Font Info:    Checking defaults for OML/cmm/m/it on input line 30.
LaTeX Font Info:    ... okay on input line 30.
LaTeX Font Info:    Checking defaults for OMS/cmsy/m/n on input line 30.
LaTeX Font Info:    ... okay on input line 30.
LaTeX Font Info:    Checking defaults for OT1/cmr/m/n on input line 30.
LaTeX Font Info:    ... okay on input line 30.
LaTeX Font Info:    Checking defaults for T1/cmr/m/n on input line 30.
LaTeX Font Info:    ... okay on input line 30.
LaTeX Font Info:    Checking defaults for TS1/cmr/m/n on input line 30.
LaTeX Font Info:    ... okay on input line 30.
LaTeX Font Info:    Checking defaults for OMX/cmex/m/n on input line 30.
LaTeX Font Info:    ... okay on input line 30.
LaTeX Font Info:    Checking defaults for U/cmr/m/n on input line 30.
LaTeX Font Info:    ... okay on input line 30.
LaTeX Font Info:    Checking defaults for PD1/pdf/m/n on input line 30.
LaTeX Font Info:    ... okay on input line 30.
LaTeX Font Info:    Checking defaults for PU/pdf/m/n on input line 30.
LaTeX Font Info:    ... okay on input line 30.
 (/usr/share/texlive/texmf-dist/tex/context/base/mkii/supp-pdf.mkii
[Loading MPS to PDF converter (version 2006.09.02).]
\scratchcounter=\count317
\scratchdimen=\dimen195
\scratchbox=\box67
\nofMPsegments=\count318
\nofMParguments=\count319
\everyMPshowfont=\toks28
\MPscratchCnt=\count320
\MPscratchDim=\dimen196
\MPnumerator=\count321
\makeMPintoPDFobject=\count322
\everyMPtoPDFconversion=\toks29
) (/usr/share/texlive/texmf-dist/tex/latex/epstopdf-pkg/epstopdf-base.sty
Package: epstopdf-base 2020-01-24 v2.11 Base part for package epstopdf
Package epstopdf-base Info: Redefining graphics rule for `.eps' on input line 485.
 (/usr/share/texlive/texmf-dist/tex/latex/latexconfig/epstopdf-sys.cfg
File: epstopdf-sys.cfg 2010/07/13 v1.3 Configuration of (r)epstopdf for TeX Live
)) (/usr/share/texlive/texmf-dist/tex/latex/translations/translations-basic-dictionary-english.trsl
File: translations-basic-dictionary-english.trsl (english translation file `translations-basic-dictionary')
)
Package translations Info: loading dictionary `translations-basic-dictionary' for `english'. on input line 30.
Package hyperref Info: Link coloring OFF on input line 30.
 (./main.out) (./main.out)
\@outlinefile=\write3
\openout3 = `main.out'.

Package caption Info: Begin \AtBeginDocument code.
Package caption Info: changepage package is loaded.
\caption@adjustwidth@hsize=\dimen197
\caption@adjustwidth@linewidth=\dimen198
Package caption Info: End \AtBeginDocument code.

*geometry* driver: auto-detecting
*geometry* detected driver: pdftex
*geometry* verbose mode - [ preamble ] result:
* driver: pdftex
* paper: <default>
* layout: <same size as paper>
* layoutoffset:(h,v)=(0.0pt,0.0pt)
* modes: 
* h-part:(L,W,R)=(71.13188pt, 472.03123pt, 71.13188pt)
* v-part:(T,H,B)=(71.13188pt, 652.70622pt, 71.13188pt)
* \paperwidth=614.295pt
* \paperheight=794.96999pt
* \textwidth=472.03123pt
* \textheight=652.70622pt
* \oddsidemargin=-1.1381pt
* \evensidemargin=-1.1381pt
* \topmargin=-38.1381pt
* \headheight=12.0pt
* \headsep=25.0pt
* \topskip=11.0pt
* \footskip=30.0pt
* \marginparwidth=59.0pt
* \marginparsep=10.0pt
* \columnsep=10.0pt
* \skip\footins=10.0pt plus 4.0pt minus 2.0pt
* \hoffset=0.0pt
* \voffset=0.0pt
* \mag=1000
* \@twocolumnfalse
* \@twosidefalse
* \@mparswitchfalse
* \@reversemarginfalse
* (1in=72.27pt=25.4mm, 1cm=28.453pt)

LaTeX Font Info:    Trying to load font information for U+msa on input line 32.
(/usr/share/texlive/texmf-dist/tex/latex/amsfonts/umsa.fd
File: umsa.fd 2013/01/14 v3.01 AMS symbols A
)
LaTeX Font Info:    Trying to load font information for U+msb on input line 32.
 (/usr/share/texlive/texmf-dist/tex/latex/amsfonts/umsb.fd
File: umsb.fd 2013/01/14 v3.01 AMS symbols B
)
Overfull \hbox (2.68259pt too wide) in paragraph at lines 50--55
[]\OT1/cmr/m/n/10 Turning to crowd-ing, we show that it is eco-nom-i-cally mean-ing-ful in both seg-ments. Metaorders
 []

[1

{/var/lib/texmf/fonts/map/pdftex/updmap/pdftex.map}] [2] [3]
<images/member_statistics/png/members_per_isin.pdf, id=158, 1204.5pt x 677.65169pt>
File: images/member_statistics/png/members_per_isin.pdf Graphic file (type pdf)
<use images/member_statistics/png/members_per_isin.pdf>
Package pdftex.def Info: images/member_statistics/png/members_per_isin.pdf  used on input line 178.
(pdftex.def)             Requested size: 330.42041pt x 185.89465pt.
<images/member_statistics/png/member_isin_coverage_per_member.pdf, id=159, 1204.5pt x 677.65169pt>
File: images/member_statistics/png/member_isin_coverage_per_member.pdf Graphic file (type pdf)
<use images/member_statistics/png/member_isin_coverage_per_member.pdf>
Package pdftex.def Info: images/member_statistics/png/member_isin_coverage_per_member.pdf  used on input line 185.
(pdftex.def)             Requested size: 330.42041pt x 185.89465pt.
<images/member_statistics/png/proprietary_vs_client_trades_per_isin.pdf, id=161, 1204.5pt x 677.65169pt>
File: images/member_statistics/png/proprietary_vs_client_trades_per_isin.pdf Graphic file (type pdf)
<use images/member_statistics/png/proprietary_vs_client_trades_per_isin.pdf>
Package pdftex.def Info: images/member_statistics/png/proprietary_vs_client_trades_per_isin.pdf  used on input line 201.
(pdftex.def)             Requested size: 330.42041pt x 185.89465pt.
<images/prop_vs_nonprop/png/mean_daily_metaorder_volume_share.pdf, id=162, 1129.33919pt x 542.025pt>
File: images/prop_vs_nonprop/png/mean_daily_metaorder_volume_share.pdf Graphic file (type pdf)
<use images/prop_vs_nonprop/png/mean_daily_metaorder_volume_share.pdf>
Package pdftex.def Info: images/prop_vs_nonprop/png/mean_daily_metaorder_volume_share.pdf  used on input line 208.
(pdftex.def)             Requested size: 330.42041pt x 158.58095pt.
 [4 <./images/member_statistics/png/members_per_isin.pdf> <./images/member_statistics/png/member_isin_coverage_per_member.pdf>] [5 <./images/member_statistics/png/proprietary_vs_client_trades_per_isin.pdf> <./images/prop_vs_nonprop/png/mean_daily_metaorder_volume_share.pdf>]

LaTeX Warning: `!h' float specifier changed to `!ht'.

[6] [7] [8]
<images/member_metaorder_summary_statistics/png/member_metaorder_profiles_all_metaorders.pdf, id=274, 1053.9375pt x 466.62328pt>
File: images/member_metaorder_summary_statistics/png/member_metaorder_profiles_all_metaorders.pdf Graphic file (type pdf)
<use images/member_metaorder_summary_statistics/png/member_metaorder_profiles_all_metaorders.pdf>
Package pdftex.def Info: images/member_metaorder_summary_statistics/png/member_metaorder_profiles_all_metaorders.pdf  used on input line 443.
(pdftex.def)             Requested size: 472.03123pt x 208.98883pt.
 [9 <./images/member_metaorder_summary_statistics/png/member_metaorder_profiles_all_metaorders.pdf>]
<images/member_metaorder_distributions/png/metaorder_distributions_prop_vs_client.pdf, id=373, 1053.9375pt x 1565.85pt>
File: images/member_metaorder_distributions/png/metaorder_distributions_prop_vs_client.pdf Graphic file (type pdf)
<use images/member_metaorder_distributions/png/metaorder_distributions_prop_vs_client.pdf>
Package pdftex.def Info: images/member_metaorder_distributions/png/metaorder_distributions_prop_vs_client.pdf  used on input line 474.
(pdftex.def)             Requested size: 424.82523pt x 631.17917pt.


LaTeX Warning: Float too large for page by 42.87296pt on input line 480.

[10] [11 <./images/member_metaorder_distributions/png/metaorder_distributions_prop_vs_client.pdf>] [12]
<images/member_metaorder_execution_schedule/png/execution_schedule_heatmap_prop_vs_client_median.png, id=439, 2409.0pt x 1405.25pt>
File: images/member_metaorder_execution_schedule/png/execution_schedule_heatmap_prop_vs_client_median.png Graphic file (type png)
<use images/member_metaorder_execution_schedule/png/execution_schedule_heatmap_prop_vs_client_median.png>
Package pdftex.def Info: images/member_metaorder_execution_schedule/png/execution_schedule_heatmap_prop_vs_client_median.png  used on input line 718.
(pdftex.def)             Requested size: 443.71051pt x 258.83073pt.
 [13 <./images/member_metaorder_execution_schedule/png/execution_schedule_heatmap_prop_vs_client_median.png>] [14]
Overfull \hbox (2.46133pt too wide) in paragraph at lines 918--920
[]\OT1/cmr/m/n/10.95 Because in-di-vid-ual $\OML/cmm/m/it/10.95 I[]$ \OT1/cmr/m/n/10.95 are noisy and of-ten neg-a-tive, we do not regress di-rectly on sin-gle metaorders.
 []


Overfull \hbox (10.42389pt too wide) in paragraph at lines 964--967
 []\OT1/cmr/bx/n/10.95 Empirical im-pact curves.[] \OT1/cmr/m/n/10.95 Ap-ply-ing this pro-ce-dure sep-a-rately to pro-pri-etary and client metaorders
 []

[15]
<images/prop_vs_nonprop/png/power_law_prop_vs_nonprop.pdf, id=479, 903.375pt x 752.8125pt>
File: images/prop_vs_nonprop/png/power_law_prop_vs_nonprop.pdf Graphic file (type pdf)
<use images/prop_vs_nonprop/png/power_law_prop_vs_nonprop.pdf>
Package pdftex.def Info: images/prop_vs_nonprop/png/power_law_prop_vs_nonprop.pdf  used on input line 1059.
(pdftex.def)             Requested size: 401.22942pt x 334.36298pt.
<images/prop_vs_nonprop/png/logarithmic_prop_vs_nonprop.pdf, id=480, 903.375pt x 752.8125pt>
File: images/prop_vs_nonprop/png/logarithmic_prop_vs_nonprop.pdf Graphic file (type pdf)
<use images/prop_vs_nonprop/png/logarithmic_prop_vs_nonprop.pdf>
Package pdftex.def Info: images/prop_vs_nonprop/png/logarithmic_prop_vs_nonprop.pdf  used on input line 1067.
(pdftex.def)             Requested size: 401.22942pt x 334.36298pt.
<images/member_non_proprietary/png/power_law_fits_by_participation_rate.pdf, id=481, 903.375pt x 752.8125pt>
File: images/member_non_proprietary/png/power_law_fits_by_participation_rate.pdf Graphic file (type pdf)
<use images/member_non_proprietary/png/power_law_fits_by_participation_rate.pdf>
Package pdftex.def Info: images/member_non_proprietary/png/power_law_fits_by_participation_rate.pdf  used on input line 1079.
(pdftex.def)             Requested size: 330.42041pt x 275.35437pt.
<images/member_proprietary/png/power_law_fits_by_participation_rate.pdf, id=482, 903.375pt x 752.8125pt>
File: images/member_proprietary/png/power_law_fits_by_participation_rate.pdf Graphic file (type pdf)
<use images/member_proprietary/png/power_law_fits_by_participation_rate.pdf>
Package pdftex.def Info: images/member_proprietary/png/power_law_fits_by_participation_rate.pdf  used on input line 1087.
(pdftex.def)             Requested size: 330.42041pt x 275.35437pt.
 [16] [17 <./images/prop_vs_nonprop/png/power_law_prop_vs_nonprop.pdf>] [18 <./images/prop_vs_nonprop/png/logarithmic_prop_vs_nonprop.pdf>] [19 <./images/member_non_proprietary/png/power_law_fits_by_participation_rate.pdf> <./images/member_proprietary/png/power_law_fits_by_participation_rate.pdf>]
<images/member_proprietary/png/normalized_impact_path_member_proprietary.pdf, id=563, 903.375pt x 752.8125pt>
File: images/member_proprietary/png/normalized_impact_path_member_proprietary.pdf Graphic file (type pdf)
<use images/member_proprietary/png/normalized_impact_path_member_proprietary.pdf>
Package pdftex.def Info: images/member_proprietary/png/normalized_impact_path_member_proprietary.pdf  used on input line 1197.
(pdftex.def)             Requested size: 226.67448pt x 188.89188pt.
<images/member_proprietary/png/normalized_impact_path_member_proprietary_by_side.pdf, id=564, 903.375pt x 752.8125pt>
File: images/member_proprietary/png/normalized_impact_path_member_proprietary_by_side.pdf Graphic file (type pdf)
<use images/member_proprietary/png/normalized_impact_path_member_proprietary_by_side.pdf>
Package pdftex.def Info: images/member_proprietary/png/normalized_impact_path_member_proprietary_by_side.pdf  used on input line 1203.
(pdftex.def)             Requested size: 226.67448pt x 188.89188pt.
<images/member_non_proprietary/png/normalized_impact_path_member_non_proprietary.pdf, id=565, 903.375pt x 752.8125pt>
File: images/member_non_proprietary/png/normalized_impact_path_member_non_proprietary.pdf Graphic file (type pdf)
<use images/member_non_proprietary/png/normalized_impact_path_member_non_proprietary.pdf>
Package pdftex.def Info: images/member_non_proprietary/png/normalized_impact_path_member_non_proprietary.pdf  used on input line 1211.
(pdftex.def)             Requested size: 226.67448pt x 188.89188pt.
<images/member_non_proprietary/png/normalized_impact_path_member_non_proprietary_by_side.pdf, id=566, 903.375pt x 752.8125pt>
File: images/member_non_proprietary/png/normalized_impact_path_member_non_proprietary_by_side.pdf Graphic file (type pdf)
<use images/member_non_proprietary/png/normalized_impact_path_member_non_proprietary_by_side.pdf>
Package pdftex.def Info: images/member_non_proprietary/png/normalized_impact_path_member_non_proprietary_by_side.pdf  used on input line 1217.
(pdftex.def)             Requested size: 226.67448pt x 188.89188pt.
<images/member_proprietary/png/normalized_impact_path_member_proprietary_member_nationality_it.pdf, id=570, 903.375pt x 752.8125pt>
File: images/member_proprietary/png/normalized_impact_path_member_proprietary_member_nationality_it.pdf Graphic file (type pdf)
<use images/member_proprietary/png/normalized_impact_path_member_proprietary_member_nationality_it.pdf>
Package pdftex.def Info: images/member_proprietary/png/normalized_impact_path_member_proprietary_member_nationality_it.pdf  used on input line 1248.
(pdftex.def)             Requested size: 286.80711pt x 239.00957pt.
<images/member_proprietary/png/normalized_impact_path_member_proprietary_by_side_member_nationality_it.pdf, id=571, 903.375pt x 752.8125pt>
File: images/member_proprietary/png/normalized_impact_path_member_proprietary_by_side_member_nationality_it.pdf Graphic file (type pdf)
<use images/member_proprietary/png/normalized_impact_path_member_proprietary_by_side_member_nationality_it.pdf>
Package pdftex.def Info: images/member_proprietary/png/normalized_impact_path_member_proprietary_by_side_member_nationality_it.pdf  used on input line 1254.
(pdftex.def)             Requested size: 286.80711pt x 239.00957pt.
<images/member_non_proprietary/png/normalized_impact_path_member_non_proprietary_member_nationality_it.pdf, id=572, 903.375pt x 752.8125pt>
File: images/member_non_proprietary/png/normalized_impact_path_member_non_proprietary_member_nationality_it.pdf Graphic file (type pdf)
<use images/member_non_proprietary/png/normalized_impact_path_member_non_proprietary_member_nationality_it.pdf>
Package pdftex.def Info: images/member_non_proprietary/png/normalized_impact_path_member_non_proprietary_member_nationality_it.pdf  used on input line 1262.
(pdftex.def)             Requested size: 286.80711pt x 239.00957pt.
<images/member_non_proprietary/png/normalized_impact_path_member_non_proprietary_by_side_member_nationality_it.pdf, id=573, 903.375pt x 752.8125pt>
File: images/member_non_proprietary/png/normalized_impact_path_member_non_proprietary_by_side_member_nationality_it.pdf Graphic file (type pdf)
<use images/member_non_proprietary/png/normalized_impact_path_member_non_proprietary_by_side_member_nationality_it.pdf>
Package pdftex.def Info: images/member_non_proprietary/png/normalized_impact_path_member_non_proprietary_by_side_member_nationality_it.pdf  used on input line 1268.
(pdftex.def)             Requested size: 286.80711pt x 239.00957pt.
 [20] [21 <./images/member_proprietary/png/normalized_impact_path_member_proprietary.pdf> <./images/member_proprietary/png/normalized_impact_path_member_proprietary_by_side.pdf> <./images/member_non_proprietary/png/normalized_impact_path_member_non_proprietary.pdf> <./images/member_non_proprietary/png/normalized_impact_path_member_non_proprietary_by_side.pdf>] [22 <./images/member_proprietary/png/normalized_impact_path_member_proprietary_member_nationality_it.pdf> <./images/member_proprietary/png/normalized_impact_path_member_proprietary_by_side_member_nationality_it.pdf> <./images/member_non_proprietary/png/normalized_impact_path_member_non_proprietary_member_nationality_it.pdf> <./images/member_non_proprietary/png/normalized_impact_path_member_non_proprietary_by_side_member_nationality_it.pdf>]
Overfull \hbox (12.7776pt too wide) in paragraph at lines 1293--1295
[]\OT1/cmr/m/n/10.95 All crowd-ing mea-sures are based on volume-weighted im-bal-ances con-structed from other metaorders
 []

[23

]
Overfull \hbox (1.42859pt too wide) in paragraph at lines 1397--1405
[]\OT1/cmr/m/n/10.95 Global cor-re-la-tion: $\OML/cmm/m/it/10.95 r[] \OT1/cmr/m/n/10.95 = 0\OML/cmm/m/it/10.95 :\OT1/cmr/m/n/10.95 108$ with $95%$ CI $[0\OML/cmm/m/it/10.95 :\OT1/cmr/m/n/10.95 102\OML/cmm/m/it/10.95 ; \OT1/cmr/m/n/10.95 0\OML/cmm/m/it/10.95 :\OT1/cmr/m/n/10.95 113]$, $\OML/cmm/m/it/10.95 n \OT1/cmr/m/n/10.95 = 588[]334$ metaorders. 
 []


Overfull \hbox (6.06837pt too wide) in paragraph at lines 1412--1420
[]\OT1/cmr/m/n/10.95 Global cor-re-la-tion: $\OML/cmm/m/it/10.95 r[] \OT1/cmr/m/n/10.95 = 0\OML/cmm/m/it/10.95 :\OT1/cmr/m/n/10.95 187$ with $95%$ CI $[0\OML/cmm/m/it/10.95 :\OT1/cmr/m/n/10.95 180\OML/cmm/m/it/10.95 ; \OT1/cmr/m/n/10.95 0\OML/cmm/m/it/10.95 :\OT1/cmr/m/n/10.95 196]$, $\OML/cmm/m/it/10.95 n \OT1/cmr/m/n/10.95 = 255[]535$ metaorders. 
 []

[24]
<images/prop_vs_nonprop/png/all_vs_all_crowding_rolling_3d.pdf, id=688, 903.375pt x 391.4625pt>
File: images/prop_vs_nonprop/png/all_vs_all_crowding_rolling_3d.pdf Graphic file (type pdf)
<use images/prop_vs_nonprop/png/all_vs_all_crowding_rolling_3d.pdf>
Package pdftex.def Info: images/prop_vs_nonprop/png/all_vs_all_crowding_rolling_3d.pdf  used on input line 1508.
(pdftex.def)             Requested size: 331.37637pt x 143.59642pt.
<images/prop_vs_nonprop/png/daily_crowding_rolling_3d.pdf, id=689, 903.375pt x 391.4625pt>
File: images/prop_vs_nonprop/png/daily_crowding_rolling_3d.pdf Graphic file (type pdf)
<use images/prop_vs_nonprop/png/daily_crowding_rolling_3d.pdf>
Package pdftex.def Info: images/prop_vs_nonprop/png/daily_crowding_rolling_3d.pdf  used on input line 1514.
(pdftex.def)             Requested size: 331.37637pt x 143.59642pt.
<images/prop_vs_nonprop/png/cross_crowding_rolling_3d.pdf, id=690, 903.375pt x 391.4625pt>
File: images/prop_vs_nonprop/png/cross_crowding_rolling_3d.pdf Graphic file (type pdf)
<use images/prop_vs_nonprop/png/cross_crowding_rolling_3d.pdf>
Package pdftex.def Info: images/prop_vs_nonprop/png/cross_crowding_rolling_3d.pdf  used on input line 1520.
(pdftex.def)             Requested size: 331.37637pt x 143.59642pt.
 [25] [26 <./images/prop_vs_nonprop/png/all_vs_all_crowding_rolling_3d.pdf> <./images/prop_vs_nonprop/png/daily_crowding_rolling_3d.pdf> <./images/prop_vs_nonprop/png/cross_crowding_rolling_3d.pdf>]
<images/crowding_vs_part_rate/png/curve_mean_align_vs_eta_local.pdf, id=747, 1204.5pt x 677.65169pt>
File: images/crowding_vs_part_rate/png/curve_mean_align_vs_eta_local.pdf Graphic file (type pdf)
<use images/crowding_vs_part_rate/png/curve_mean_align_vs_eta_local.pdf>
Package pdftex.def Info: images/crowding_vs_part_rate/png/curve_mean_align_vs_eta_local.pdf  used on input line 1596.
(pdftex.def)             Requested size: 368.18378pt x 207.1436pt.
<images/crowding_vs_part_rate/png/curve_mean_abs_imb_vs_eta_local.pdf, id=748, 1204.5pt x 677.65169pt>
File: images/crowding_vs_part_rate/png/curve_mean_abs_imb_vs_eta_local.pdf Graphic file (type pdf)
<use images/crowding_vs_part_rate/png/curve_mean_abs_imb_vs_eta_local.pdf>
Package pdftex.def Info: images/crowding_vs_part_rate/png/curve_mean_abs_imb_vs_eta_local.pdf  used on input line 1604.
(pdftex.def)             Requested size: 368.18378pt x 207.1436pt.
<images/crowding_vs_part_rate/png/curve_mean_align_vs_eta_cross.pdf, id=749, 1204.5pt x 677.65169pt>
File: images/crowding_vs_part_rate/png/curve_mean_align_vs_eta_cross.pdf Graphic file (type pdf)
<use images/crowding_vs_part_rate/png/curve_mean_align_vs_eta_cross.pdf>
Package pdftex.def Info: images/crowding_vs_part_rate/png/curve_mean_align_vs_eta_cross.pdf  used on input line 1618.
(pdftex.def)             Requested size: 368.18378pt x 207.1436pt.
<images/crowding_vs_part_rate/png/curve_mean_abs_imb_vs_eta_cross.pdf, id=750, 1204.5pt x 677.65169pt>
File: images/crowding_vs_part_rate/png/curve_mean_abs_imb_vs_eta_cross.pdf Graphic file (type pdf)
<use images/crowding_vs_part_rate/png/curve_mean_abs_imb_vs_eta_cross.pdf>
Package pdftex.def Info: images/crowding_vs_part_rate/png/curve_mean_abs_imb_vs_eta_cross.pdf  used on input line 1626.
(pdftex.def)             Requested size: 368.18378pt x 207.1436pt.
<images/prop_vs_nonprop/png/member_prop_client_crowding_hist.pdf, id=753, 1204.5pt x 677.65169pt>
File: images/prop_vs_nonprop/png/member_prop_client_crowding_hist.pdf Graphic file (type pdf)
<use images/prop_vs_nonprop/png/member_prop_client_crowding_hist.pdf>
Package pdftex.def Info: images/prop_vs_nonprop/png/member_prop_client_crowding_hist.pdf  used on input line 1676.
(pdftex.def)             Requested size: 401.22942pt x 225.73514pt.
<images/prop_vs_nonprop/png/member_prop_client_crowding_heatmap_3d.pdf, id=754, 1204.5pt x 677.65169pt>
File: images/prop_vs_nonprop/png/member_prop_client_crowding_heatmap_3d.pdf Graphic file (type pdf)
<use images/prop_vs_nonprop/png/member_prop_client_crowding_heatmap_3d.pdf>
Package pdftex.def Info: images/prop_vs_nonprop/png/member_prop_client_crowding_heatmap_3d.pdf  used on input line 1684.
(pdftex.def)             Requested size: 472.03123pt x 265.56526pt.
 [27] [28 <./images/crowding_vs_part_rate/png/curve_mean_align_vs_eta_local.pdf> <./images/crowding_vs_part_rate/png/curve_mean_abs_imb_vs_eta_local.pdf>] [29 <./images/crowding_vs_part_rate/png/curve_mean_align_vs_eta_cross.pdf> <./images/crowding_vs_part_rate/png/curve_mean_abs_imb_vs_eta_cross.pdf>] [30 <./images/prop_vs_nonprop/png/member_prop_client_crowding_hist.pdf> <./images/prop_vs_nonprop/png/member_prop_client_crowding_heatmap_3d.pdf>]
<images/crowding_impact/png/main_crowding_impact_curves.png, id=863, 3613.5pt x 3011.25pt>
File: images/crowding_impact/png/main_crowding_impact_curves.png Graphic file (type png)
<use images/crowding_impact/png/main_crowding_impact_curves.png>
Package pdftex.def Info: images/crowding_impact/png/main_crowding_impact_curves.png  used on input line 1784.
(pdftex.def)             Requested size: 472.03123pt x 393.3601pt.
<images/crowding_impact/png/eta_robustness_crowding_impact_curves.png, id=864, 3613.5pt x 3011.25pt>
File: images/crowding_impact/png/eta_robustness_crowding_impact_curves.png Graphic file (type png)
<use images/crowding_impact/png/eta_robustness_crowding_impact_curves.png>
Package pdftex.def Info: images/crowding_impact/png/eta_robustness_crowding_impact_curves.png  used on input line 1790.
(pdftex.def)             Requested size: 472.03123pt x 393.3601pt.
 [31] [32 <./images/crowding_impact/png/main_crowding_impact_curves.png>] [33 <./images/crowding_impact/png/eta_robustness_crowding_impact_curves.png>]
Overfull \hbox (13.70056pt too wide) in paragraph at lines 1896--1899
[]\OT1/cmr/m/n/10.95 the same-sign and opposite-sign ac-tive vol-umes $\OML/cmm/m/it/10.95 S[] \OT1/cmr/m/n/10.95 = [][] \OML/cmm/m/it/10.95 ![]Q[]$ \OT1/cmr/m/n/10.95 and $\OML/cmm/m/it/10.95 O[] \OT1/cmr/m/n/10.95 = [][] \OML/cmm/m/it/10.95 ![]Q[]$ 
 []

[34] [35] [36]
<images/member_active_overlap_crowding/png/per_member_correlations_same_isin_all_active.pdf, id=917, 1204.5pt x 677.65169pt>
File: images/member_active_overlap_crowding/png/per_member_correlations_same_isin_all_active.pdf Graphic file (type pdf)
<use images/member_active_overlap_crowding/png/per_member_correlations_same_isin_all_active.pdf>
Package pdftex.def Info: images/member_active_overlap_crowding/png/per_member_correlations_same_isin_all_active.pdf  used on input line 2166.
(pdftex.def)             Requested size: 401.22942pt x 225.73514pt.
<images/member_active_overlap_crowding/png/member_comovement_same_isin_all_active.pdf, id=918, 903.375pt x 542.025pt>
File: images/member_active_overlap_crowding/png/member_comovement_same_isin_all_active.pdf Graphic file (type pdf)
<use images/member_active_overlap_crowding/png/member_comovement_same_isin_all_active.pdf>
Package pdftex.def Info: images/member_active_overlap_crowding/png/member_comovement_same_isin_all_active.pdf  used on input line 2172.
(pdftex.def)             Requested size: 448.42822pt x 269.05995pt.
 [37]
Overfull \hbox (7.63875pt too wide) in paragraph at lines 2359--2363
[]\OT1/cmr/bx/n/10.95 The dy-namic re-sponse also dif-fers across groups. \OT1/cmr/m/n/10.95 Af-ter ex-e-cu-tion, pro-pri-etary metaorders
 []

[38] (./tables/appendix_it_metaorder_stats.tex
Overfull \hbox (25.02538pt too wide) in paragraph at lines 9--22
 [][] 
 []

) [39] [40] [41] [42 <./images/member_active_overlap_crowding/png/per_member_correlations_same_isin_all_active.pdf> <./images/member_active_overlap_crowding/png/member_comovement_same_isin_all_active.pdf>] (./main.aux)
 ***********
LaTeX2e <2023-11-01> patch level 1
L3 programming layer <2024-01-22>
 ***********


LaTeX Warning: There were multiply-defined labels.

Package rerunfilecheck Info: File `main.out' has not changed.
(rerunfilecheck)             Checksum: 8FD1A3B94519CF6B1AF6347E54E86C67;4750.
 ) 
Here is how much of TeX's memory you used:
 16302 strings out of 476106
 333918 string characters out of 5793933
 1949975 words of memory out of 5000000
 37946 multiletter control sequences out of 15000+600000
 572375 words of font info for 91 fonts, out of 8000000 for 9000
 59 hyphenation exceptions out of 8191
 75i,16n,80p,1094b,1024s stack positions out of 10000i,1000n,20000p,200000b,200000s
 </home/danielemdn/.texlive2023/texmf-var/fonts/pk/ljfour/jknappen/ec/tcrm1095.600pk> </home/danielemdn/.texlive2023/texmf-var/fonts/pk/ljfour/jknappen/ec/tcrm0900.600pk> </home/danielemdn/.texlive2023/texmf-var/fonts/pk/ljfour/jknappen/ec/tcrm0800.600pk></usr/share/texlive/texmf-dist/fonts/type1/public/amsfonts/cm/cmbx10.pfb></usr/share/texlive/texmf-dist/fonts/type1/public/amsfonts/cm/cmbx12.pfb></usr/share/texlive/texmf-dist/fonts/type1/public/amsfonts/cm/cmbx8.pfb></usr/share/texlive/texmf-dist/fonts/type1/public/amsfonts/cm/cmex10.pfb></usr/share/texlive/texmf-dist/fonts/type1/public/amsfonts/cm/cmmi10.pfb></usr/share/texlive/texmf-dist/fonts/type1/public/amsfonts/cm/cmmi6.pfb></usr/share/texlive/texmf-dist/fonts/type1/public/amsfonts/cm/cmmi7.pfb></usr/share/texlive/texmf-dist/fonts/type1/public/amsfonts/cm/cmmi8.pfb></usr/share/texlive/texmf-dist/fonts/type1/public/amsfonts/cm/cmmi9.pfb></usr/share/texlive/texmf-dist/fonts/type1/public/amsfonts/cm/cmr10.pfb></usr/share/texlive/texmf-dist/fonts/type1/public/amsfonts/cm/cmr12.pfb></usr/share/texlive/texmf-dist/fonts/type1/public/amsfonts/cm/cmr17.pfb></usr/share/texlive/texmf-dist/fonts/type1/public/amsfonts/cm/cmr5.pfb></usr/share/texlive/texmf-dist/fonts/type1/public/amsfonts/cm/cmr6.pfb></usr/share/texlive/texmf-dist/fonts/type1/public/amsfonts/cm/cmr7.pfb></usr/share/texlive/texmf-dist/fonts/type1/public/amsfonts/cm/cmr8.pfb></usr/share/texlive/texmf-dist/fonts/type1/public/amsfonts/cm/cmr9.pfb></usr/share/texlive/texmf-dist/fonts/type1/public/amsfonts/cm/cmsy10.pfb></usr/share/texlive/texmf-dist/fonts/type1/public/amsfonts/cm/cmsy6.pfb></usr/share/texlive/texmf-dist/fonts/type1/public/amsfonts/cm/cmsy8.pfb></usr/share/texlive/texmf-dist/fonts/type1/public/amsfonts/cm/cmsy9.pfb></usr/share/texlive/texmf-dist/fonts/type1/public/amsfonts/cm/cmti10.pfb></usr/share/texlive/texmf-dist/fonts/type1/public/amsfonts/cm/cmtt10.pfb></usr/share/texlive/texmf-dist/fonts/type1/public/amsfonts/cm/cmtt9.pfb></usr/share/texlive/texmf-dist/fonts/type1/public/amsfonts/symbols/msbm10.pfb>
Output written on main.pdf (42 pages, 2024576 bytes).
PDF statistics:
 1159 PDF objects out of 1200 (max. 8388607)
 868 compressed objects within 9 object streams
 183 named destinations out of 1000 (max. 500000)
 337 words of extra memory for PDF output out of 10000 (max. 10000000)

